C51 COMPILER V9.60.0.0   LED                                                               03/31/2023 20:40:04 PAGE 1   


C51 COMPILER V9.60.0.0, COMPILATION OF MODULE LED
OBJECT MODULE PLACED IN .\Objects\led.obj
COMPILER INVOKED BY: D:\keil\C51\BIN\C51.EXE ..\Driver\led.c OPTIMIZE(8,SPEED) BROWSE INCDIR(..\User;..\Include;..\Drive
                    -r) DEBUG OBJECTEXTEND PRINT(.\Listings\led.lst) OBJECT(.\Objects\led.obj)

line level    source

   1          #include "led.h"
   2          #include "init.h"
   3          
   4          extern unsigned int tempbuf;
   5          extern unsigned char temp_Max;
   6          extern unsigned char temp_Min;
   7          extern unsigned char temp_Max_Afe;
   8          extern unsigned char temp_Min_Afe;
   9          unsigned char code Led_Number[10] = {0xC0,0xF9,0xA4,0xB0,0x99,0x92,0x82,0xF8,0x80,0x90};
  10          unsigned char Led_Buff[8] = {0xFF,0xFF,0xFF,0xFF,0xFF,0xFF,0xFF,0xFF};
  11          
  12          void Display()
  13          {
  14   1              static unsigned char i;
  15   1              
  16   1              SelectHC138(6);
  17   1              P0 = 0x00;
  18   1              SelectHC138(7);
  19   1              P0 = 0xFF;
  20   1              SelectHC138(0);
  21   1              
  22   1              P0 = 0x00;
  23   1              SelectHC138(6);
  24   1              P0 = 0x01 << i;
  25   1              SelectHC138(0);
  26   1              
  27   1              P0 = 0xFF;
  28   1              SelectHC138(7);
  29   1              P0 = Led_Buff[i];
  30   1              SelectHC138(0);
  31   1              
  32   1              i++;
  33   1              i &= 0x07;
  34   1      }
  35          
  36          void DisplayMode0()
  37          {
  38   1              Led_Buff[0] = 0xC6;
  39   1              
  40   1              Led_Buff[3] = 0xFF;
  41   1              Led_Buff[4] = 0xFF;
  42   1              
  43   1              Led_Buff[6] = Led_Number[tempbuf / 10 % 10];
  44   1              Led_Buff[7] = Led_Number[tempbuf % 10];
  45   1      }
  46          
  47          void DisplayMode1()
  48          {
  49   1              Led_Buff[0] = 0x8C;
  50   1      
  51   1              Led_Buff[3] = Led_Number[temp_Max / 10 % 10];
  52   1              Led_Buff[4] = Led_Number[temp_Max % 10];
  53   1              
  54   1              Led_Buff[6] = Led_Number[temp_Min / 10 % 10];
C51 COMPILER V9.60.0.0   LED                                                               03/31/2023 20:40:04 PAGE 2   

  55   1              Led_Buff[7] = Led_Number[temp_Min % 10];
  56   1      }
  57          
  58          void Led_Single()
  59          {
  60   1              P0 = 0xFF;
  61   1              SelectHC138(4);
  62   1              if(tempbuf > temp_Max)
  63   1              {
  64   2                      P00 = 0;
  65   2              }
  66   1              else
  67   1              {
  68   2                      P00 = 1;
  69   2              }
  70   1              if((tempbuf >= temp_Min) && (tempbuf <= temp_Max))
  71   1              {
  72   2                      P01 = 0;
  73   2              }
  74   1              else
  75   1              {
  76   2                      P01 = 1;
  77   2              }
  78   1              if(tempbuf < temp_Min)
  79   1              {
  80   2                      P02 = 0;
  81   2              }
  82   1              else
  83   1              {
  84   2                      P02 = 1;
  85   2              }
  86   1              if(temp_Max_Afe < temp_Min_Afe)
  87   1              {
  88   2                      P03 = 0;
  89   2              }
  90   1              else
  91   1              {
  92   2                      P03 = 1;
  93   2              }
  94   1              SelectHC138(0);
  95   1      }


MODULE INFORMATION:   STATIC OVERLAYABLE
   CODE SIZE        =    290    ----
   CONSTANT SIZE    =     10    ----
   XDATA SIZE       =   ----    ----
   PDATA SIZE       =   ----    ----
   DATA SIZE        =      9    ----
   IDATA SIZE       =   ----    ----
   BIT SIZE         =   ----    ----
END OF MODULE INFORMATION.


C51 COMPILATION COMPLETE.  0 WARNING(S),  0 ERROR(S)
