C51 COMPILER V9.60.0.0   MAIN                                                              03/31/2023 20:40:04 PAGE 1   


C51 COMPILER V9.60.0.0, COMPILATION OF MODULE MAIN
OBJECT MODULE PLACED IN .\Objects\main.obj
COMPILER INVOKED BY: D:\keil\C51\BIN\C51.EXE main.c OPTIMIZE(8,SPEED) BROWSE INCDIR(..\User;..\Include;..\Driver) DEBUG 
                    -OBJECTEXTEND PRINT(.\Listings\main.lst) OBJECT(.\Objects\main.obj)

line level    source

   1          #include "main.h"
   2          
   3          bit flag100ms = 0;
   4          bit flag800ms = 0;
   5          bit DisplayMode = 0;
   6          bit temp_Change = 1;
   7          unsigned int tempbuf;
   8          unsigned char temp_Max = 30;
   9          unsigned char temp_Min = 20;
  10          unsigned char temp_Max_Org;
  11          unsigned char temp_Min_Org;
  12          unsigned char temp_Max_Afe;
  13          unsigned char temp_Min_Afe;
  14          
  15          void Working();
  16          
  17          void main()
  18          {
  19   1              Init_BUZZ_LED();
  20   1              Timer0Init();
  21   1              InitDS18B20();
  22   1              while(1)
  23   1              {
  24   2                      Working();
  25   2              }
  26   1      }
  27          
  28          void Working()
  29          {
  30   1              KeyDriver();
  31   1              if(flag100ms == 1)
  32   1              {
  33   2                      flag100ms = 0;
  34   2                      Led_Single();
  35   2                      if(DisplayMode == 0)
  36   2                      {
  37   3                              DisplayMode0();
  38   3                      }
  39   2                      else if(DisplayMode == 1)
  40   2                      {
  41   3                              DisplayMode1();
  42   3                      }
  43   2                      if(tempbuf > temp_Max)
  44   2                      {
  45   3                              DA_Write(255 * 4 / 5);
  46   3                      }
  47   2                      else if((tempbuf >= temp_Min) && (tempbuf <= temp_Max))
  48   2                      {
  49   3                              DA_Write(255 * 3 / 5);
  50   3                      }
  51   2                      else if(tempbuf < temp_Min)
  52   2                      {
  53   3                              DA_Write(255 * 2 / 5);
  54   3                      }
C51 COMPILER V9.60.0.0   MAIN                                                              03/31/2023 20:40:04 PAGE 2   

  55   2              }
  56   1              if(flag800ms == 1)
  57   1              {
  58   2                      flag800ms = 0;
  59   2                      tempbuf = Read_Temp();
  60   2                      InitDS18B20();
  61   2              }
  62   1      }
  63          
  64          void KeyAction(unsigned char keycode)
  65          {
  66   1              if(keycode == '4')
  67   1              {
  68   2                      if(DisplayMode == 0)
  69   2                      {
  70   3                              temp_Change = 1;
  71   3                              DisplayMode = 1;
  72   3                              temp_Max_Org = temp_Max;
  73   3                              temp_Min_Org = temp_Min;
  74   3                      }
  75   2                      else if(DisplayMode == 1)
  76   2                      {
  77   3                              DisplayMode = 0;
  78   3                              temp_Max_Afe = temp_Max;
  79   3                              temp_Min_Afe = temp_Min;
  80   3                              if(temp_Max < temp_Min)
  81   3                              {
  82   4                                      temp_Max = temp_Max_Org;
  83   4                                      temp_Min = temp_Min_Org;
  84   4                              }
  85   3                      }
  86   2              }
  87   1              if(temp_Change == 0)
  88   1              {
  89   2                      if(keycode == '3')
  90   2                      {
  91   3                              temp_Change = 1;
  92   3                      }
  93   2                      else if(keycode == '2')
  94   2                      {
  95   3                              if((temp_Max >= 0) && (temp_Max < 100))
  96   3                              {
  97   4                                      temp_Max++;
  98   4                              }
  99   3                      }
 100   2                      else if(keycode == '1')
 101   2                      {
 102   3                              if((temp_Max >= 0) && (temp_Max < 100))
 103   3                              {
 104   4                                      temp_Max--;
 105   4                              }
 106   3                      }
 107   2              }
 108   1              else if(temp_Change == 1)
 109   1              {
 110   2                      if(keycode == '3')
 111   2                      {
 112   3                              temp_Change = 0;
 113   3                      }
 114   2                      else if(keycode == '2')
 115   2                      {
 116   3                              if((temp_Min >= 0) && (temp_Min < 100))
C51 COMPILER V9.60.0.0   MAIN                                                              03/31/2023 20:40:04 PAGE 3   

 117   3                              {
 118   4                                      temp_Min++;
 119   4                              }
 120   3                      }
 121   2                      else if(keycode == '1')
 122   2                      {
 123   3                              if((temp_Min >= 0) && (temp_Min < 100))
 124   3                              {
 125   4                                      temp_Min--;
 126   4                              }
 127   3                      }
 128   2              }
 129   1      }
 130          
 131          void Timer0Handle() interrupt 1
 132          {
 133   1              static unsigned char cnt_100ms = 0;
 134   1              static unsigned int cnt_800ms = 0;
 135   1              
 136   1              Display();
 137   1              KeyScan();
 138   1              
 139   1              cnt_100ms++;
 140   1              if(cnt_100ms >= 100)
 141   1              {
 142   2                      cnt_100ms = 0;
 143   2                      flag100ms = 1;
 144   2              }
 145   1              cnt_800ms++;
 146   1              if(cnt_800ms >= 800)
 147   1              {
 148   2                      cnt_800ms = 0;
 149   2                      flag800ms = 1;
 150   2              }
 151   1      }


MODULE INFORMATION:   STATIC OVERLAYABLE
   CODE SIZE        =    379    ----
   CONSTANT SIZE    =   ----    ----
   XDATA SIZE       =   ----    ----
   PDATA SIZE       =   ----    ----
   DATA SIZE        =     11    ----
   IDATA SIZE       =   ----    ----
   BIT SIZE         =      4    ----
END OF MODULE INFORMATION.


C51 COMPILATION COMPLETE.  0 WARNING(S),  0 ERROR(S)
