C51 COMPILER V9.60.0.0   LED                                                               04/03/2023 18:25:31 PAGE 1   


C51 COMPILER V9.60.0.0, COMPILATION OF MODULE LED
OBJECT MODULE PLACED IN .\Objects\led.obj
COMPILER INVOKED BY: D:\keil\C51\BIN\C51.EXE ..\Driver\led.c OPTIMIZE(8,SPEED) BROWSE INCDIR(..\Driver;..\Include;..\Use
                    -r) DEBUG OBJECTEXTEND PRINT(.\Listings\led.lst) OBJECT(.\Objects\led.obj)

line level    source

   1          #include "led.h"
   2          #include "init.h"
   3          
   4          unsigned char code Led_Number[10] = {0xC0,0xF9,0xA4,0xB0,0x99,0x92,0x82,0xF8,0x80,0x90};
   5          unsigned char Led_Buff[8] = {0xFF,0xFF,0xFF,0xFF,0xFF,0xFF,0xFF,0xFF};
   6          extern unsigned int Read_Vep; 
   7          extern int Set_Vep;
   8          extern unsigned char Change_Number;
   9          extern unsigned char Error_Cnt;
  10          extern bit flag5s;
  11          
  12          void Display()
  13          {
  14   1          static unsigned char i = 0;
  15   1      
  16   1          SelectHC138(7);
  17   1          P0 = 0xFF;
  18   1          SelectHC138(0);
  19   1      
  20   1          P0 = 0x00;
  21   1          SelectHC138(6);
  22   1          P0 = 0x01 << i;
  23   1          SelectHC138(0);
  24   1      
  25   1          P0 = 0xFF;
  26   1          SelectHC138(7);
  27   1          P0 = Led_Buff[i];
  28   1          SelectHC138(0);
  29   1      
  30   1          i++;
  31   1          i &= 0x07;
  32   1      }
  33          
  34          void DisplayMode0()
  35          {
  36   1          Led_Buff[0] = 0xC1;
  37   1      
  38   1          Led_Buff[5] = Led_Number[Read_Vep / 100 % 10] & 0x7F;
  39   1          Led_Buff[6] = Led_Number[Read_Vep / 10 % 10];
  40   1          Led_Buff[7] = Led_Number[Read_Vep % 10];
  41   1      }
  42          
  43          void DisplayMode1()
  44          {
  45   1              Led_Buff[0] = 0x8C;
  46   1              
  47   1              Led_Buff[5] = Led_Number[Set_Vep / 100 % 10] & 0x7F;
  48   1          Led_Buff[6] = Led_Number[Set_Vep / 10 % 10];
  49   1          Led_Buff[7] = Led_Number[Set_Vep % 10];
  50   1      }
  51          
  52          void DisplayMode2()
  53          {
  54   1              Led_Buff[0] = 0xC8;
C51 COMPILER V9.60.0.0   LED                                                               04/03/2023 18:25:31 PAGE 2   

  55   1              
  56   1              Led_Buff[5] = 0xFF;
  57   1          Led_Buff[6] = Led_Number[Change_Number / 10 % 10];
  58   1          Led_Buff[7] = Led_Number[Change_Number % 10];
  59   1      }
  60          
  61          void Led_Single()
  62          {
  63   1              P0 = 0xFF;
  64   1              SelectHC138(4);
  65   1              if(flag5s == 1)
  66   1              {
  67   2                      P00 = 0;
  68   2              }
  69   1              else
  70   1              {
  71   2                      P00 = 1;
  72   2              }
  73   1              if(Change_Number % 2 == 1)
  74   1              {
  75   2                      P01 = 0;
  76   2              }
  77   1              else
  78   1              {
  79   2                      P01 = 1;
  80   2              }
  81   1              if(Error_Cnt >= 3)
  82   1              {
  83   2                      P02 = 0;
  84   2              }
  85   1              else
  86   1              {
  87   2                      P02 = 1;
  88   2              }
  89   1              SelectHC138(0);
  90   1      }


MODULE INFORMATION:   STATIC OVERLAYABLE
   CODE SIZE        =    347    ----
   CONSTANT SIZE    =     10    ----
   XDATA SIZE       =   ----    ----
   PDATA SIZE       =   ----    ----
   DATA SIZE        =      9    ----
   IDATA SIZE       =   ----    ----
   BIT SIZE         =   ----    ----
END OF MODULE INFORMATION.


C51 COMPILATION COMPLETE.  0 WARNING(S),  0 ERROR(S)
