C51 COMPILER V9.60.0.0   MAIN                                                              04/03/2023 18:25:31 PAGE 1   


C51 COMPILER V9.60.0.0, COMPILATION OF MODULE MAIN
OBJECT MODULE PLACED IN .\Objects\main.obj
COMPILER INVOKED BY: D:\keil\C51\BIN\C51.EXE main.c OPTIMIZE(8,SPEED) BROWSE INCDIR(..\Driver;..\Include;..\User) DEBUG 
                    -OBJECTEXTEND PRINT(.\Listings\main.lst) OBJECT(.\Objects\main.obj)

line level    source

   1          #include "main.h"
   2          
   3          bit flag100ms = 0;
   4          bit flag5s = 0;
   5          unsigned char DisplayMode = 0;
   6          unsigned int Read_Vep;
   7          unsigned int Read_Vep_Org;
   8          unsigned int Read_Vep_Afe;
   9          int Set_Vep = 300;
  10          unsigned char Change_Number = 0;
  11          unsigned char Error_Cnt = 0;
  12          
  13          void Working();
  14          
  15          void main()
  16          {
  17   1          Init_BUZZ_LED();
  18   1          Timer0Init();
  19   1              Set_Vep = Eeprom_Read(0x00);
  20   1              Set_Vep = Set_Vep * 10;
  21   1          while(1)
  22   1          {
  23   2                      Working();
  24   2          }
  25   1      }
  26          
  27          void Working()
  28          {
  29   1              KeyDriver();
  30   1          if(flag100ms == 1)
  31   1          {
  32   2              flag100ms = 0;
  33   2              Read_Vep = AD_Read(0x43) * 100 / 51;
  34   2                      Read_Vep_Org = Read_Vep;
  35   2                      Read_Vep = AD_Read(0x43) * 100 / 51;
  36   2                      Read_Vep_Afe = Read_Vep;
  37   2                      Led_Single();
  38   2                      if(DisplayMode == 0)
  39   2                      {
  40   3                              DisplayMode0();
  41   3                      }
  42   2                      else if(DisplayMode == 1)
  43   2                      {
  44   3                              DisplayMode1();
  45   3                      }
  46   2                      else if(DisplayMode == 2)
  47   2                      {
  48   3                              DisplayMode2();
  49   3                      }
  50   2                      if((Read_Vep_Org > Set_Vep) && (Read_Vep_Afe < Set_Vep))
  51   2                      {
  52   3                              Change_Number++;
  53   3                      }
  54   2          }
C51 COMPILER V9.60.0.0   MAIN                                                              04/03/2023 18:25:31 PAGE 2   

  55   1      }
  56          
  57          void KeyAction(unsigned char keycode)
  58          {
  59   1              if(DisplayMode == 0)
  60   1              {
  61   2                      if(keycode == '-')
  62   2                      {
  63   3                              Error_Cnt = 0;
  64   3                              DisplayMode = 1;
  65   3                      }
  66   2                      else
  67   2                      {
  68   3                              Error_Cnt++;
  69   3                      }
  70   2              }
  71   1              else if(DisplayMode == 1)
  72   1              {
  73   2                      if(keycode == '-')
  74   2                      {
  75   3                              Error_Cnt = 0;
  76   3                              DisplayMode = 2;
  77   3                              Eeprom_Write(0x00, Set_Vep / 10);
  78   3                      }
  79   2                      else if(keycode == 'D')
  80   2                      {
  81   3                              Error_Cnt = 0;
  82   3                              Set_Vep += 50;
  83   3                              if(Set_Vep > 500)
  84   3                              {
  85   4                                      Set_Vep = 0;
  86   4                              }
  87   3                      }
  88   2                      else if(keycode == 'C')
  89   2                      {
  90   3                              Error_Cnt = 0;
  91   3                              Set_Vep -= 50;
  92   3                              if(Set_Vep < 0)
  93   3                              {
  94   4                                      Set_Vep = 500;
  95   4                              }
  96   3                      }
  97   2                      else
  98   2                      {
  99   3                              Error_Cnt++;
 100   3                      }
 101   2              }
 102   1              else if(DisplayMode == 2)
 103   1              {
 104   2                      if(keycode == '-')
 105   2                      {
 106   3                              DisplayMode = 0;
 107   3                              Error_Cnt = 0;
 108   3                      }
 109   2                      else if(keycode == '9')
 110   2                      {
 111   3                              Change_Number = 0;
 112   3                              Error_Cnt = 0;
 113   3                      }
 114   2                      else
 115   2                      {
 116   3                              Error_Cnt++;
C51 COMPILER V9.60.0.0   MAIN                                                              04/03/2023 18:25:31 PAGE 3   

 117   3                      }
 118   2              }
 119   1      }
 120          
 121          void Timer0Handle() interrupt 1
 122          {
 123   1          static unsigned char cnt_100ms = 0;
 124   1              static unsigned int cnt_5s = 0;
 125   1      
 126   1              Display();
 127   1              KeyScan();
 128   1              
 129   1          cnt_100ms++;
 130   1          if(cnt_100ms >= 100)
 131   1          {
 132   2              cnt_100ms = 0;
 133   2              flag100ms = 1;
 134   2          }
 135   1              
 136   1              if(Read_Vep < Set_Vep)
 137   1              {
 138   2                      cnt_5s++;
 139   2              }
 140   1              else
 141   1              {
 142   2                      cnt_5s = 0;
 143   2              }
 144   1              if(cnt_5s >= 5000)
 145   1              {
 146   2                      flag5s = 1;
 147   2              }
 148   1              else
 149   1              {
 150   2                      flag5s = 0;
 151   2              }
 152   1      }


MODULE INFORMATION:   STATIC OVERLAYABLE
   CODE SIZE        =    446    ----
   CONSTANT SIZE    =   ----    ----
   XDATA SIZE       =   ----    ----
   PDATA SIZE       =   ----    ----
   DATA SIZE        =     14       1
   IDATA SIZE       =   ----    ----
   BIT SIZE         =      2    ----
END OF MODULE INFORMATION.


C51 COMPILATION COMPLETE.  0 WARNING(S),  0 ERROR(S)
