C51 COMPILER V9.60.0.0   IIC                                                               03/30/2023 22:01:30 PAGE 1   


C51 COMPILER V9.60.0.0, COMPILATION OF MODULE IIC
OBJECT MODULE PLACED IN .\Objects\iic.obj
COMPILER INVOKED BY: D:\keil\C51\BIN\C51.EXE ..\Driver\iic.c OPTIMIZE(8,SPEED) BROWSE INCDIR(..\Driver;..\Include;..\Use
                    -r) DEBUG OBJECTEXTEND PRINT(.\Listings\iic.lst) OBJECT(.\Objects\iic.obj)

line level    source

   1          /*      #   I2Cä»£ç ç‰‡æ®µè¯´æ˜
   2                  1.      æœ¬æ–‡ä»¶å¤¹ä¸­æä¾›çš„é©±åŠ¨ä»£ç ä¾›å‚èµ›é€‰æ‰‹å®Œæˆç¨‹åºè®¾è®¡å‚è€ƒã€‚
   3                  2.      å‚èµ›é€‰æ‰‹å¯ä»¥è‡ªè¡Œç¼–å†™ç›¸å…³ä»£ç æˆ–ä»¥è¯¥ä»£ç ä¸ºåŸºç¡€ï¼Œæ ¹æ®æ‰€é€‰å•ç‰‡æœºç±»å‹ã€è¿
             -è¡Œé€Ÿåº¦å’Œè¯•é¢˜
   4                          ä¸­å¯¹å•ç‰‡æœºæ—¶é’Ÿé¢‘ç‡çš„è¦æ±‚ï¼Œè¿›è¡Œä»£ç è°ƒè¯•å’Œä¿®æ”¹ã€‚
   5          */
   6          
   7          #define DELAY_TIME      5
   8          
   9          //
  10          #include "iic.h"
  11          #include "intrins.h"
  12          
  13          static void I2C_Delay(unsigned char n)
  14          {
  15   1          do
  16   1          {
  17   2              _nop_();_nop_();_nop_();_nop_();_nop_();
  18   2              _nop_();_nop_();_nop_();_nop_();_nop_();
  19   2              _nop_();_nop_();_nop_();_nop_();_nop_();                
  20   2          }
  21   1          while(n--);         
  22   1      }
  23          
  24          //
  25          void I2CStart(void)
  26          {
  27   1          sda = 1;
  28   1          scl = 1;
  29   1              I2C_Delay(DELAY_TIME);
  30   1          sda = 0;
  31   1              I2C_Delay(DELAY_TIME);
  32   1          scl = 0;    
  33   1      }
  34          
  35          //
  36          void I2CStop(void)
  37          {
  38   1          sda = 0;
  39   1          scl = 1;
  40   1              I2C_Delay(DELAY_TIME);
  41   1          sda = 1;
  42   1              I2C_Delay(DELAY_TIME);
  43   1      }
  44          
  45          //
  46          void I2CSendByte(unsigned char byt)
  47          {
  48   1          unsigned char i;
  49   1              
  50   1          for(i=0; i<8; i++){
  51   2              scl = 0;
  52   2                      I2C_Delay(DELAY_TIME);
  53   2              if(byt & 0x80){
C51 COMPILER V9.60.0.0   IIC                                                               03/30/2023 22:01:30 PAGE 2   

  54   3                  sda = 1;
  55   3              }
  56   2              else{
  57   3                  sda = 0;
  58   3              }
  59   2                      I2C_Delay(DELAY_TIME);
  60   2              scl = 1;
  61   2              byt <<= 1;
  62   2                      I2C_Delay(DELAY_TIME);
  63   2          }
  64   1              
  65   1          scl = 0;  
  66   1      }
  67          
  68          //
  69          //unsigned char I2CReceiveByte(void)
  70          //{
  71          //      unsigned char da;
  72          //      unsigned char i;
  73          //      for(i=0;i<8;i++){   
  74          //              scl = 1;
  75          //              I2C_Delay(DELAY_TIME);
  76          //              da <<= 1;
  77          //              if(sda) 
  78          //                      da |= 0x01;
  79          //              scl = 0;
  80          //              I2C_Delay(DELAY_TIME);
  81          //      }
  82          //      return da;    
  83          //}
  84          
  85          //
  86          unsigned char I2CWaitAck(void)
  87          {
  88   1              unsigned char ackbit;
  89   1              
  90   1          scl = 1;
  91   1              I2C_Delay(DELAY_TIME);
  92   1          ackbit = sda; 
  93   1          scl = 0;
  94   1              I2C_Delay(DELAY_TIME);
  95   1              
  96   1              return ackbit;
  97   1      }
  98          
  99          //
 100          //void I2CSendAck(unsigned char ackbit)
 101          //{
 102          //    scl = 0;
 103          //    sda = ackbit; 
 104          //      I2C_Delay(DELAY_TIME);
 105          //    scl = 1;
 106          //      I2C_Delay(DELAY_TIME);
 107          //    scl = 0; 
 108          //      sda = 1;
 109          //      I2C_Delay(DELAY_TIME);
 110          //}
 111          


MODULE INFORMATION:   STATIC OVERLAYABLE
   CODE SIZE        =    124    ----
C51 COMPILER V9.60.0.0   IIC                                                               03/30/2023 22:01:30 PAGE 3   

   CONSTANT SIZE    =   ----    ----
   XDATA SIZE       =   ----    ----
   PDATA SIZE       =   ----    ----
   DATA SIZE        =   ----    ----
   IDATA SIZE       =   ----    ----
   BIT SIZE         =   ----    ----
END OF MODULE INFORMATION.


C51 COMPILATION COMPLETE.  0 WARNING(S),  0 ERROR(S)
