C51 COMPILER V9.60.0.0   KEYBOARD                                                          03/30/2023 22:01:30 PAGE 1   


C51 COMPILER V9.60.0.0, COMPILATION OF MODULE KEYBOARD
OBJECT MODULE PLACED IN .\Objects\keyboard.obj
COMPILER INVOKED BY: D:\keil\C51\BIN\C51.EXE ..\Driver\keyboard.c OPTIMIZE(8,SPEED) BROWSE INCDIR(..\Driver;..\Include;.
                    -.\User) DEBUG OBJECTEXTEND PRINT(.\Listings\keyboard.lst) OBJECT(.\Objects\keyboard.obj)

line level    source

   1          #include "keyboard.h"
   2          
   3          void KeyAction(unsigned char keycode);
   4          
   5          unsigned char code Key_Map[4][4] = {
   6                  {'1','2','3','A'},
   7                  {'4','5','6','B'},
   8                  {'7','8','9','C'},
   9                  {'+','0','-','D'},
  10          };
  11          
  12          unsigned char Key_Sta[4][4] = {
  13                  {1,1,1,1},{1,1,1,1},{1,1,1,1},{1,1,1,1}
  14          };
  15          
  16          
  17          void KeyDriver()
  18          {
  19   1              unsigned char i,j;
  20   1              static unsigned char backup[4][4] = {
  21   1                      {1,1,1,1},{1,1,1,1},{1,1,1,1},{1,1,1,1}
  22   1              };
  23   1              
  24   1              for(i = 0; i < 4; i++)
  25   1              {
  26   2                      for(j = 0; j < 4; j++)
  27   2                      {
  28   3                              if(backup[i][j] != Key_Sta[i][j])
  29   3                              {
  30   4                                      if(backup[i][j] != 0)
  31   4                                      {
  32   5                                              KeyAction(Key_Map[i][j]);
  33   5                                      }
  34   4                                      backup[i][j] = Key_Sta[i][j];
  35   4                              }
  36   3                      }
  37   2              }
  38   1      }
  39          
  40          void KeyScan()
  41          {
  42   1              unsigned char i;
  43   1              static unsigned char keyout = 0;
  44   1              static unsigned char KeyBuff[4][4] = {
  45   1                      {0xFF,0xFF,0xFF,0xFF},{0xFF,0xFF,0xFF,0xFF},
  46   1                      {0xFF,0xFF,0xFF,0xFF},{0xFF,0xFF,0xFF,0xFF}
  47   1              };
  48   1              
  49   1              KeyBuff[keyout][0] = KeyBuff[keyout][0] << 1 | KEY_IN_1;
  50   1              KeyBuff[keyout][1] = KeyBuff[keyout][1] << 1 | KEY_IN_2;
  51   1              KeyBuff[keyout][2] = KeyBuff[keyout][2] << 1 | KEY_IN_3;
  52   1              KeyBuff[keyout][3] = KeyBuff[keyout][3] << 1 | KEY_IN_4;
  53   1              
  54   1              for(i = 0; i < 4; i++)
C51 COMPILER V9.60.0.0   KEYBOARD                                                          03/30/2023 22:01:30 PAGE 2   

  55   1              {
  56   2                      if((KeyBuff[keyout][i] & 0x0F) == 0x00)
  57   2                      {
  58   3                              Key_Sta[keyout][i] = 0;
  59   3                      }
  60   2                      else if((KeyBuff[keyout][i] & 0x0F) == 0x0F)
  61   2                      {
  62   3                              Key_Sta[keyout][i] = 1;
  63   3                      }
  64   2              }
  65   1              
  66   1              keyout++;
  67   1              keyout &= 0x03; 
  68   1              
  69   1              switch(keyout)
  70   1              {
  71   2                      case 0: KEY_OUT_4 = 1; KEY_OUT_1 = 0; break;
  72   2                      case 1: KEY_OUT_1 = 1; KEY_OUT_2 = 0; break;
  73   2                      case 2: KEY_OUT_2 = 1; KEY_OUT_3 = 0; break;
  74   2                      case 3: KEY_OUT_3 = 1; KEY_OUT_4 = 0; break;
  75   2                      default: break;
  76   2              }       
  77   1      }


MODULE INFORMATION:   STATIC OVERLAYABLE
   CODE SIZE        =    352    ----
   CONSTANT SIZE    =     16    ----
   XDATA SIZE       =   ----    ----
   PDATA SIZE       =   ----    ----
   DATA SIZE        =     49       2
   IDATA SIZE       =   ----    ----
   BIT SIZE         =   ----    ----
END OF MODULE INFORMATION.


C51 COMPILATION COMPLETE.  0 WARNING(S),  0 ERROR(S)
