C51 COMPILER V9.60.0.0   MAIN                                                              03/30/2023 22:01:30 PAGE 1   


C51 COMPILER V9.60.0.0, COMPILATION OF MODULE MAIN
OBJECT MODULE PLACED IN .\Objects\main.obj
COMPILER INVOKED BY: D:\keil\C51\BIN\C51.EXE main.c OPTIMIZE(8,SPEED) BROWSE INCDIR(..\Driver;..\Include;..\User) DEBUG 
                    -OBJECTEXTEND PRINT(.\Listings\main.lst) OBJECT(.\Objects\main.obj)

line level    source

   1          #include "main.h"
   2          
   3          bit flag800ms = 0;
   4          bit flag500ms = 0;
   5          bit DA_Mode = 0;
   6          bit flag100ms = 0;
   7          unsigned int tempbuf;
   8          unsigned char Set_Temp = 25;
   9          unsigned char Display_Mode = 0;
  10          float DA_Output;
  11          
  12          void Working();
  13          
  14          void main()
  15          {
  16   1              Init_BUZZ_LED();
  17   1              Timer0Init();
  18   1              Init_Temp();
  19   1              while(1)
  20   1              {
  21   2                      Working();
  22   2              }
  23   1      }
  24          
  25          void Working()
  26          {
  27   1              unsigned int temp;
  28   1              KeyDriver();
  29   1              if(flag100ms == 1)
  30   1              {
  31   2                      flag100ms = 0;
  32   2                      Led_Single();
  33   2                      if(Display_Mode == 0)
  34   2                      {
  35   3                              DisplayMode_1();
  36   3                      }
  37   2                      else if(Display_Mode == 1)
  38   2                      {
  39   3                              DisplayMode_2();
  40   3                      }
  41   2                      else if(Display_Mode == 2)
  42   2                      {
  43   3                              DisplayMode_3();
  44   3                      }
  45   2              }
  46   1              if(flag500ms == 1)
  47   1              {
  48   2                      flag500ms = 0;
  49   2                      if(DA_Mode == 0)
  50   2                      {
  51   3                              if(tempbuf > Set_Temp * 100) 
  52   3                              {
  53   4                                      DA_Output = 0;
  54   4                                      DA_Write(0);
C51 COMPILER V9.60.0.0   MAIN                                                              03/30/2023 22:01:30 PAGE 2   

  55   4                              }
  56   3                              else 
  57   3                              {
  58   4                                      DA_Output = 500;
  59   4                                      DA_Write(255);
  60   4                              }
  61   3                      }
  62   2                      else if(DA_Mode == 1)
  63   2                      {
  64   3                              if((tempbuf > 2000) && (tempbuf < 4000))
  65   3                              {
  66   4                                      DA_Output = tempbuf * 3 / 20 - 200;
  67   4                                      DA_Write((unsigned char)(DA_Output * 51 / 100));
  68   4                              }
  69   3                              else if(tempbuf <= 2000)
  70   3                              {
  71   4                                      DA_Output = 100;
  72   4                                      DA_Write(100 * 51 / 100);
  73   4                              }
  74   3                              else if(tempbuf >= 4000)
  75   3                              {
  76   4                                      DA_Output = 400;
  77   4                                      DA_Write(400 * 51 / 100);
  78   4                              }
  79   3                      }
  80   2              }
  81   1              if(flag800ms == 1)
  82   1              {               
  83   2                      temp = Read_Temp();
  84   2                      
  85   2                      if((temp > 4000) || (temp < 0))
  86   2                      {
  87   3                              tempbuf = tempbuf;
  88   3                      }
  89   2                      else
  90   2                      {
  91   3                              tempbuf = temp;
  92   3                      }
  93   2                      flag800ms = 0;
  94   2                      Init_Temp();
  95   2              }
  96   1      }
  97          
  98          void KeyAction(unsigned char keycode)
  99          {
 100   1              if(keycode == '7')
 101   1              {
 102   2                      if(DA_Mode == 0)
 103   2                      {
 104   3                              DA_Mode = 1;
 105   3                      }
 106   2                      else if(DA_Mode == 1)
 107   2                      {
 108   3                              DA_Mode = 0;
 109   3                      }
 110   2              }
 111   1              if(Display_Mode == 0)
 112   1              {
 113   2                      if(keycode == '+')
 114   2                      {
 115   3                              Display_Mode = 1;
 116   3                      }
C51 COMPILER V9.60.0.0   MAIN                                                              03/30/2023 22:01:30 PAGE 3   

 117   2              }
 118   1              else if(Display_Mode == 1)
 119   1              {
 120   2                      if(keycode == '+')
 121   2                      {
 122   3                              Display_Mode = 2;
 123   3                      }
 124   2                      else if(keycode == '0')
 125   2                      {
 126   3                              Set_Temp++;
 127   3                      }
 128   2                      else if(keycode == '8')
 129   2                      {
 130   3                              Set_Temp--;
 131   3                      }
 132   2              }
 133   1              else if(Display_Mode == 2)
 134   1              {
 135   2                      if(keycode == '+')
 136   2                      {
 137   3                              Display_Mode = 0;
 138   3                      }
 139   2              }
 140   1      }
 141          
 142          void Timer0Handle() interrupt 1
 143          {
 144   1              static unsigned int cnt_800ms = 0;
 145   1              static unsigned int cnt_500ms = 0;
 146   1              static unsigned int cnt_100ms = 0;
 147   1              
 148   1              Display();
 149   1              KeyScan();
 150   1              
 151   1              cnt_800ms++;
 152   1              cnt_500ms++;
 153   1              cnt_100ms++;
 154   1              if(cnt_800ms >= 800)
 155   1              {
 156   2                      cnt_800ms = 0;
 157   2                      flag800ms = 1;
 158   2              }
 159   1              if(cnt_500ms >= 500)
 160   1              {
 161   2                      cnt_500ms = 0;
 162   2                      flag500ms = 1;
 163   2              }
 164   1              if(cnt_100ms >= 100)
 165   1              {
 166   2                      cnt_100ms = 0;
 167   2                      flag100ms = 1;
 168   2              }
 169   1      }


MODULE INFORMATION:   STATIC OVERLAYABLE
   CODE SIZE        =    503    ----
   CONSTANT SIZE    =   ----    ----
   XDATA SIZE       =   ----    ----
   PDATA SIZE       =   ----    ----
   DATA SIZE        =     14    ----
   IDATA SIZE       =   ----    ----
C51 COMPILER V9.60.0.0   MAIN                                                              03/30/2023 22:01:30 PAGE 4   

   BIT SIZE         =      4    ----
END OF MODULE INFORMATION.


C51 COMPILATION COMPLETE.  0 WARNING(S),  0 ERROR(S)
