C51 COMPILER V9.60.0.0   DS1302                                                            04/03/2023 22:28:20 PAGE 1   


C51 COMPILER V9.60.0.0, COMPILATION OF MODULE DS1302
OBJECT MODULE PLACED IN .\Objects\ds1302.obj
COMPILER INVOKED BY: D:\keil\C51\BIN\C51.EXE ..\Driver\ds1302.c OPTIMIZE(8,SPEED) BROWSE INCDIR(..\Driver;..\Include;..\
                    -User) DEBUG OBJECTEXTEND PRINT(.\Listings\ds1302.lst) OBJECT(.\Objects\ds1302.obj)

line level    source

   1          /*      #       DS1302ä»£ç ç‰‡æ®µè¯´æ˜
   2                  1.      æœ¬æ–‡ä»¶å¤¹ä¸­æä¾›çš„é©±åŠ¨ä»£ç ä¾›å‚èµ›é€‰æ‰‹å®Œæˆç¨‹åºè®¾è®¡å‚è€ƒã€‚
   3                  2.      å‚èµ›é€‰æ‰‹å¯ä»¥è‡ªè¡Œç¼–å†™ç›¸å…³ä»£ç æˆ–ä»¥è¯¥ä»£ç ä¸ºåŸºç¡€ï¼Œæ ¹æ®æ‰€é€‰å•ç‰‡æœºç±»å‹ã€è¿
             -è¡Œé€Ÿåº¦å’Œè¯•é¢˜
   4                          ä¸­å¯¹å•ç‰‡æœºæ—¶é’Ÿé¢‘ç‡çš„è¦æ±‚ï¼Œè¿›è¡Œä»£ç è°ƒè¯•å’Œä¿®æ”¹ã€‚
   5          */                                                              
   6          
   7          //
   8          #include "ds1302.h"
   9          #include "intrins.h"
  10          
  11          unsigned char Time_Read_Addr[7] = {0x81,0x83,0x85,0x87,0x89,0x8B,0x8D};
  12          unsigned char Time_Write_Addr[7] = {0x80,0x82,0x84,0x86,0x88,0x8A,0x8C};
  13          unsigned char Timer_Set[7] = {0x55,0x59,0x23,0x30,0x03,0x07,0x23};
  14          
  15          void Write_Ds1302(unsigned  char temp) 
  16          {
  17   1              unsigned char i;
  18   1              for (i=0;i<8;i++)       
  19   1              { 
  20   2                      SCK = 0;
  21   2                      SDA = temp&0x01;
  22   2                      temp>>=1; 
  23   2                      SCK=1;
  24   2              }
  25   1      }   
  26          
  27          //
  28          void Write_Ds1302_Byte( unsigned char address,unsigned char dat )     
  29          {
  30   1              RST=0;  _nop_();
  31   1              SCK=0;  _nop_();
  32   1              RST=1;  _nop_();  
  33   1              Write_Ds1302(address);  
  34   1              Write_Ds1302(dat);              
  35   1              RST=0; 
  36   1      }
  37          
  38          //
  39          unsigned char Read_Ds1302_Byte ( unsigned char address )
  40          {
  41   1              unsigned char i,temp=0x00;
  42   1              RST=0;  _nop_();
  43   1              SCK=0;  _nop_();
  44   1              RST=1;  _nop_();
  45   1              Write_Ds1302(address);
  46   1              for (i=0;i<8;i++)       
  47   1              {               
  48   2                      SCK=0;
  49   2                      temp>>=1;       
  50   2                      if(SDA)
  51   2                      temp|=0x80;     
  52   2                      SCK=1;
  53   2              } 
C51 COMPILER V9.60.0.0   DS1302                                                            04/03/2023 22:28:20 PAGE 2   

  54   1              RST=0;  _nop_();
  55   1              SCK=0;  _nop_();
  56   1              SCK=1;  _nop_();
  57   1              SDA=0;  _nop_();
  58   1              SDA=1;  _nop_();
  59   1              return (temp);                  
  60   1      }
  61          
  62          void Read_DS1302()
  63          {
  64   1              unsigned char i;
  65   1              
  66   1              for(i = 0; i < 7; i++)
  67   1              {
  68   2                      Timer_Set[i] = Read_Ds1302_Byte(Time_Read_Addr[i]);
  69   2              }
  70   1      }
  71          
  72          void Init_DS1302()
  73          {
  74   1              unsigned char i;
  75   1              
  76   1              Write_Ds1302_Byte(0x8E,0x00);
  77   1              for(i = 0; i < 7; i++)
  78   1              {
  79   2                      Write_Ds1302_Byte(Time_Write_Addr[i],Timer_Set[i]);
  80   2              }
  81   1              Write_Ds1302_Byte(0x8E,0x80);
  82   1      }


MODULE INFORMATION:   STATIC OVERLAYABLE
   CODE SIZE        =    184    ----
   CONSTANT SIZE    =   ----    ----
   XDATA SIZE       =   ----    ----
   PDATA SIZE       =   ----    ----
   DATA SIZE        =     21    ----
   IDATA SIZE       =   ----    ----
   BIT SIZE         =   ----    ----
END OF MODULE INFORMATION.


C51 COMPILATION COMPLETE.  0 WARNING(S),  0 ERROR(S)
