C51 COMPILER V9.60.0.0   INIT                                                              04/03/2023 22:28:20 PAGE 1   


C51 COMPILER V9.60.0.0, COMPILATION OF MODULE INIT
OBJECT MODULE PLACED IN .\Objects\init.obj
COMPILER INVOKED BY: D:\keil\C51\BIN\C51.EXE ..\Include\init.c OPTIMIZE(8,SPEED) BROWSE INCDIR(..\Driver;..\Include;..\U
                    -ser) DEBUG OBJECTEXTEND PRINT(.\Listings\init.lst) OBJECT(.\Objects\init.obj)

line level    source

   1          #include "init.h"
   2          
   3          bit flag_Relay = 0;
   4          
   5          void SelectHC138(unsigned char channel)
   6          {
   7   1              P2 &= 0x1F;
   8   1              P2 |= (channel & 0x07) << 5;
   9   1      }
  10          
  11          void Init_BUZZ_LED()
  12          {
  13   1              SelectHC138(4);
  14   1              P0 = 0xFF;
  15   1              SelectHC138(5);
  16   1              P0 = 0x00;
  17   1              SelectHC138(0);
  18   1      }
  19          
  20          void Timer0Init(void)           //1毫秒@12.000MHz
  21          {
  22   1              AUXR |= 0x80;           //定时器时钟1T模式
  23   1              TMOD &= 0xF0;           //设置定时器模式
  24   1              TL0 = 0x20;             //设置定时初始值
  25   1              TH0 = 0xD1;             //设置定时初始值
  26   1              TF0 = 0;                //清除TF0标志
  27   1              TR0 = 1;                //定时器0开始计时
  28   1              ET0 = 1;
  29   1              EA = 1;
  30   1      }
  31          
  32          void Relay()
  33          {
  34   1              P0 = 0x00;
  35   1              if(flag_Relay == 0)
  36   1              {
  37   2                      SelectHC138(5);
  38   2                      P04 = 0;
  39   2                      SelectHC138(0);
  40   2              }
  41   1              else
  42   1              {
  43   2                      SelectHC138(5);
  44   2                      P04 = 1;
  45   2                      SelectHC138(0);
  46   2              }
  47   1      }


MODULE INFORMATION:   STATIC OVERLAYABLE
   CODE SIZE        =     80    ----
   CONSTANT SIZE    =   ----    ----
   XDATA SIZE       =   ----    ----
   PDATA SIZE       =   ----    ----
C51 COMPILER V9.60.0.0   INIT                                                              04/03/2023 22:28:20 PAGE 2   

   DATA SIZE        =   ----    ----
   IDATA SIZE       =   ----    ----
   BIT SIZE         =      1    ----
END OF MODULE INFORMATION.


C51 COMPILATION COMPLETE.  0 WARNING(S),  0 ERROR(S)
