C51 COMPILER V9.60.0.0   KEYBOARD                                                          04/03/2023 22:28:20 PAGE 1   


C51 COMPILER V9.60.0.0, COMPILATION OF MODULE KEYBOARD
OBJECT MODULE PLACED IN .\Objects\keyboard.obj
COMPILER INVOKED BY: D:\keil\C51\BIN\C51.EXE ..\Driver\keyboard.c OPTIMIZE(8,SPEED) BROWSE INCDIR(..\Driver;..\Include;.
                    -.\User) DEBUG OBJECTEXTEND PRINT(.\Listings\keyboard.lst) OBJECT(.\Objects\keyboard.obj)

line level    source

   1          #include "keyboard.h"
   2          
   3          extern void KeyAction1(unsigned char keycode);
   4          extern void KeyAction2(unsigned char keycode);
   5          
   6          unsigned char xdata Key_Map[4][4] = {
   7                  {'1','2','3','A'},
   8                  {'4','5','6','B'},      
   9                  {'7','8','9','C'},
  10                  {'+','0','-','D'}
  11          };
  12          unsigned char Key_Sta[4][4] = {
  13                  {1,1,1,1},{1,1,1,1},{1,1,1,1},{1,1,1,1}
  14          };
  15          
  16          void KeyDriver()
  17          {
  18   1              unsigned char i,j;
  19   1              static unsigned char backup[4][4] = {
  20   1                      {1,1,1,1},{1,1,1,1},{1,1,1,1},{1,1,1,1}
  21   1              };
  22   1              
  23   1              for(i = 0; i < 4; i++)
  24   1              {
  25   2                      for(j = 0; j < 4; j++)
  26   2                      {
  27   3                              if(backup[i][j] != Key_Sta[i][j])
  28   3                              {
  29   4                                      if(backup[i][j] != 0)
  30   4                                      {
  31   5                                              KeyAction1(Key_Map[i][j]);
  32   5                                      }
  33   4                                      else
  34   4                                      {
  35   5                                              KeyAction2(Key_Map[i][j]);
  36   5                                      }
  37   4                                      backup[i][j] = Key_Sta[i][j];
  38   4                              }
  39   3                      }
  40   2              }
  41   1      }
  42          
  43          void KeyScan()
  44          {
  45   1              unsigned char i;
  46   1              static unsigned char keyout = 0;
  47   1              static unsigned char KeyBuff[4][4] = {
  48   1                      {0xFF,0xFF,0xFF,0xFF},{0xFF,0xFF,0xFF,0xFF},
  49   1                      {0xFF,0xFF,0xFF,0xFF},{0xFF,0xFF,0xFF,0xFF}
  50   1              };
  51   1              
  52   1              KeyBuff[keyout][0] = (KeyBuff[keyout][0] << 1) | KEY_IN_1;
  53   1              KeyBuff[keyout][1] = (KeyBuff[keyout][1] << 1) | KEY_IN_2;
  54   1              KeyBuff[keyout][2] = (KeyBuff[keyout][2] << 1) | KEY_IN_3;
C51 COMPILER V9.60.0.0   KEYBOARD                                                          04/03/2023 22:28:20 PAGE 2   

  55   1              KeyBuff[keyout][3] = (KeyBuff[keyout][3] << 1) | KEY_IN_4;
  56   1              
  57   1              for(i = 0; i < 4; i++)
  58   1              {
  59   2                      if((KeyBuff[keyout][i] & 0x0F) == 0x00)
  60   2                      {
  61   3                              Key_Sta[keyout][i] = 0;
  62   3                      }
  63   2                      else if((KeyBuff[keyout][i] & 0x0F) == 0x0F)
  64   2                      {
  65   3                              Key_Sta[keyout][i] = 1;
  66   3                      }
  67   2              }
  68   1              
  69   1              keyout++;
  70   1              keyout &= 0x03;
  71   1              
  72   1              switch(keyout)
  73   1              {
  74   2                      case 0: KEY_OUT_4 = 1; KEY_OUT_1 = 0; break;
  75   2                      case 1: KEY_OUT_1 = 1; KEY_OUT_2 = 0; break;
  76   2                      case 2: KEY_OUT_2 = 1; KEY_OUT_3 = 0; break;
  77   2                      case 3: KEY_OUT_3 = 1; KEY_OUT_4 = 0; break;
  78   2                      default: break;
  79   2              }
  80   1      }


MODULE INFORMATION:   STATIC OVERLAYABLE
   CODE SIZE        =    392    ----
   CONSTANT SIZE    =   ----    ----
   XDATA SIZE       =     16    ----
   PDATA SIZE       =   ----    ----
   DATA SIZE        =     49       2
   IDATA SIZE       =   ----    ----
   BIT SIZE         =   ----    ----
END OF MODULE INFORMATION.


C51 COMPILATION COMPLETE.  0 WARNING(S),  0 ERROR(S)
