C51 COMPILER V9.60.0.0   LED                                                               04/03/2023 22:28:20 PAGE 1   


C51 COMPILER V9.60.0.0, COMPILATION OF MODULE LED
OBJECT MODULE PLACED IN .\Objects\led.obj
COMPILER INVOKED BY: D:\keil\C51\BIN\C51.EXE ..\Driver\led.c OPTIMIZE(8,SPEED) BROWSE INCDIR(..\Driver;..\Include;..\Use
                    -r) DEBUG OBJECTEXTEND PRINT(.\Listings\led.lst) OBJECT(.\Objects\led.obj)

line level    source

   1          #include "led.h"
   2          #include "init.h"
   3          
   4          bit Control_LED3 = 0;
   5          extern unsigned int tempbuf;
   6          extern unsigned char Timer_Set[7];
   7          extern unsigned char Temp_Set;
   8          extern bit Control_Mode;
   9          extern bit Time_Mode;
  10          extern bit flag_Relay;
  11          unsigned char Led_Buff[8] = {0xFF,0xFF,0xFF,0xFF,0xFF,0xFF,0xFF,0xFF};
  12          unsigned char code Led_Number[10] = {0xC0,0xF9,0xA4,0xB0,0x99,0x92,0x82,0xF8,0x80,0x90};
  13          
  14          void Display()
  15          {
  16   1              static unsigned char i;
  17   1              
  18   1              P0 = 0x00;
  19   1              SelectHC138(6);
  20   1              P0 = 0x01 << i;
  21   1              SelectHC138(0);
  22   1              
  23   1              P0 = 0xFF;
  24   1              SelectHC138(7);
  25   1              P0 = Led_Buff[i];
  26   1              SelectHC138(0);
  27   1              
  28   1              i++;
  29   1              i &= 0x07;
  30   1      }
  31          
  32          void DisplayMode1()
  33          {
  34   1              Led_Buff[0] = 0xC1;
  35   1              Led_Buff[1] = Led_Number[1];
  36   1              Led_Buff[3] = 0xFF;
  37   1              Led_Buff[4] = 0xFF;
  38   1              Led_Buff[5] = Led_Number[tempbuf / 100 % 10];
  39   1              Led_Buff[6] = Led_Number[tempbuf / 10 % 10] & 0x7F;
  40   1              Led_Buff[7] = Led_Number[tempbuf % 10];
  41   1      }
  42          
  43          void DisplayMode2()
  44          {
  45   1              Led_Buff[0] = 0xC1;
  46   1              Led_Buff[1] = Led_Number[2];
  47   1              
  48   1              if(Time_Mode == 0)
  49   1              {
  50   2                      Led_Buff[3] = Led_Number[Timer_Set[2] / 16];
  51   2                      Led_Buff[4] = Led_Number[Timer_Set[2] % 16];
  52   2                      Led_Buff[5] = 0xBF;
  53   2                      Led_Buff[6] = Led_Number[Timer_Set[1] / 16];
  54   2                      Led_Buff[7] = Led_Number[Timer_Set[1] % 16];
C51 COMPILER V9.60.0.0   LED                                                               04/03/2023 22:28:20 PAGE 2   

  55   2              }
  56   1              else
  57   1              {
  58   2                      Led_Buff[3] = Led_Number[Timer_Set[1] / 16];
  59   2                      Led_Buff[4] = Led_Number[Timer_Set[1] % 16];
  60   2                      Led_Buff[5] = 0xBF;
  61   2                      Led_Buff[6] = Led_Number[Timer_Set[0] / 16];
  62   2                      Led_Buff[7] = Led_Number[Timer_Set[0] % 16];
  63   2              }
  64   1      }
  65          
  66          void DisplayMode3()
  67          {
  68   1              Led_Buff[0] = 0xC1;
  69   1              Led_Buff[1] = Led_Number[3];
  70   1              Led_Buff[3] = 0xFF;
  71   1              Led_Buff[4] = 0xFF;
  72   1              Led_Buff[5] = 0xFF;
  73   1              Led_Buff[6] = Led_Number[Temp_Set / 10 % 10];
  74   1              Led_Buff[7] = Led_Number[Temp_Set % 10];
  75   1      }
  76          
  77          void Led_Single()
  78          {
  79   1              P0 = 0xFF;
  80   1              if((Timer_Set[1] == 0x00) && ((Timer_Set[0] >= 0x00) && (Timer_Set[0] <= 0x05)))
  81   1              {
  82   2                      SelectHC138(4);
  83   2                      P00 = 0;
  84   2                      SelectHC138(0);
  85   2              }
  86   1              if(Timer_Set[0] == 0x05)
  87   1              {
  88   2                      SelectHC138(4);
  89   2                      P00 = 1;
  90   2                      SelectHC138(0);
  91   2              }
  92   1              if(Control_Mode == 0)
  93   1              {
  94   2                      SelectHC138(4);
  95   2                      P01 = 0;
  96   2                      SelectHC138(0);
  97   2              }
  98   1              else if(Control_Mode == 1)
  99   1              {
 100   2                      SelectHC138(4);
 101   2                      P01 = 1;
 102   2                      SelectHC138(0);
 103   2              }
 104   1              if(flag_Relay == 0)
 105   1              {
 106   2                      SelectHC138(4);
 107   2                      P02 = 1;
 108   2                      SelectHC138(0);
 109   2              }
 110   1              else
 111   1              {
 112   2                      SelectHC138(4);
 113   2                      P02 = Control_LED3;
 114   2                      Control_LED3 = ~Control_LED3;
 115   2                      SelectHC138(0);
 116   2              }
C51 COMPILER V9.60.0.0   LED                                                               04/03/2023 22:28:20 PAGE 3   

 117   1      }


MODULE INFORMATION:   STATIC OVERLAYABLE
   CODE SIZE        =    404    ----
   CONSTANT SIZE    =     10    ----
   XDATA SIZE       =   ----    ----
   PDATA SIZE       =   ----    ----
   DATA SIZE        =      9    ----
   IDATA SIZE       =   ----    ----
   BIT SIZE         =      1    ----
END OF MODULE INFORMATION.


C51 COMPILATION COMPLETE.  0 WARNING(S),  0 ERROR(S)
