C51 COMPILER V9.60.0.0   MAIN                                                              04/03/2023 22:28:20 PAGE 1   


C51 COMPILER V9.60.0.0, COMPILATION OF MODULE MAIN
OBJECT MODULE PLACED IN .\Objects\main.obj
COMPILER INVOKED BY: D:\keil\C51\BIN\C51.EXE main.c OPTIMIZE(8,SPEED) BROWSE INCDIR(..\Driver;..\Include;..\User) DEBUG 
                    -OBJECTEXTEND PRINT(.\Listings\main.lst) OBJECT(.\Objects\main.obj)

line level    source

   1          #include "main.h"
   2          
   3          bit flag800ms = 0;
   4          bit flag100ms = 0;
   5          bit Control_Mode = 0;
   6          bit Time_Mode = 0;
   7          extern bit flag_Relay;
   8          unsigned char Display_Mode = 0;
   9          unsigned int tempbuf;
  10          unsigned char Temp_Set= 24;
  11          extern unsigned char Timer_Set[7];
  12          
  13          void working();
  14          
  15          void main()
  16          {
  17   1              Init_BUZZ_LED();
  18   1              Timer0Init();
  19   1              InitDS18B20();
  20   1              Init_DS1302();
  21   1              while(1)
  22   1              {
  23   2                      working();
  24   2              }
  25   1      }
  26          
  27          void working()
  28          {
  29   1              KeyDriver();
  30   1              if(flag100ms == 1)
  31   1              {
  32   2                      flag100ms = 0;
  33   2                      Read_DS1302();
  34   2                      if(Control_Mode == 0)
  35   2                      {
  36   3                              if(tempbuf > Temp_Set * 10)
  37   3                              {
  38   4                                      flag_Relay = 1;
  39   4                                      Relay();
  40   4                              }
  41   3                              else
  42   3                              {
  43   4                                      flag_Relay = 0;
  44   4                                      Relay();
  45   4                              }
  46   3                      }
  47   2                      else
  48   2                      {
  49   3                              if((Timer_Set[1] == 0x00) && ((Timer_Set[0] >= 0x00) && (Timer_Set[0] <= 0x05)))
  50   3                              {
  51   4                                      flag_Relay = 1;
  52   4                                      Relay();
  53   4                              }
  54   3                              else
C51 COMPILER V9.60.0.0   MAIN                                                              04/03/2023 22:28:20 PAGE 2   

  55   3                              {
  56   4                                      flag_Relay = 0;
  57   4                                      Relay();
  58   4                              }
  59   3                      }
  60   2                      Led_Single();
  61   2                      if(Display_Mode == 0)
  62   2                      {
  63   3                              DisplayMode1();
  64   3                      }
  65   2                      else if(Display_Mode == 1)
  66   2                      {
  67   3                              DisplayMode2();
  68   3                      }
  69   2                      else if(Display_Mode == 2)
  70   2                      {
  71   3                              DisplayMode3();
  72   3                      }
  73   2              }
  74   1              if(flag800ms == 1)
  75   1              {
  76   2                      flag800ms = 0;
  77   2                      tempbuf = ReadTemp();
  78   2                      InitDS18B20();
  79   2              }
  80   1      }
  81          
  82          void KeyAction1(unsigned char keycode)
  83          {
  84   1              if(keycode == '9')
  85   1              {
  86   2                      if(Control_Mode == 0)
  87   2                      {
  88   3                              Control_Mode = 1;
  89   3                      }
  90   2                      else if(Control_Mode == 1)
  91   2                      {
  92   3                              Control_Mode = 0;
  93   3                      }
  94   2              }
  95   1              if(keycode == '-')
  96   1              {
  97   2                      if(Display_Mode == 0)
  98   2                      {
  99   3                              Display_Mode = 1;
 100   3                      }
 101   2                      else if(Display_Mode == 1)
 102   2                      {
 103   3                              Display_Mode = 2;
 104   3                      }
 105   2                      else if(Display_Mode == 2)
 106   2                      {
 107   3                              Display_Mode = 0;
 108   3                      }
 109   2              }
 110   1              if(Display_Mode == 1)
 111   1              {
 112   2                      if(keycode == 'D')
 113   2                      {
 114   3                              Time_Mode = 1;
 115   3                      }
 116   2              }
C51 COMPILER V9.60.0.0   MAIN                                                              04/03/2023 22:28:20 PAGE 3   

 117   1              if(Display_Mode == 2)
 118   1              {
 119   2                      if((Temp_Set < 99) && (Temp_Set > 10))
 120   2                      {
 121   3                              if(keycode == 'C')
 122   3                              {
 123   4                                      Temp_Set++;
 124   4                              }
 125   3                              else if(keycode == 'D')
 126   3                              {
 127   4                                      Temp_Set--;
 128   4                              }
 129   3                      }
 130   2              }
 131   1      }
 132          
 133          void KeyAction2(unsigned char keycode)
 134          {
 135   1              if(keycode == 'D')
 136   1              {
 137   2                      if(Display_Mode == 1)
 138   2                      {
 139   3                              Time_Mode = 0;
 140   3                      }
 141   2              }
 142   1      }
 143          
 144          void Timer0Handle() interrupt 1
 145          {
 146   1              static unsigned int cnt_800ms = 0;
 147   1              static unsigned char cnt_100ms = 0;
 148   1              
 149   1              KeyScan();
 150   1              Display();
 151   1              
 152   1              cnt_800ms++;
 153   1              cnt_100ms++;
 154   1              if(cnt_100ms >= 100)
 155   1              {
 156   2                      cnt_100ms = 0;
 157   2                      flag100ms = 1;
 158   2              }
 159   1              if(cnt_800ms >= 800)
 160   1              {
 161   2                      cnt_800ms = 0;
 162   2                      flag800ms = 1;
 163   2              }
 164   1      }


MODULE INFORMATION:   STATIC OVERLAYABLE
   CODE SIZE        =    350    ----
   CONSTANT SIZE    =   ----    ----
   XDATA SIZE       =   ----    ----
   PDATA SIZE       =   ----    ----
   DATA SIZE        =      7    ----
   IDATA SIZE       =   ----    ----
   BIT SIZE         =      4    ----
END OF MODULE INFORMATION.


C51 COMPILATION COMPLETE.  0 WARNING(S),  0 ERROR(S)
