C51 COMPILER V9.60.0.0   INIT                                                              04/05/2023 12:28:34 PAGE 1   


C51 COMPILER V9.60.0.0, COMPILATION OF MODULE INIT
OBJECT MODULE PLACED IN .\Objects\init.obj
COMPILER INVOKED BY: D:\keil\C51\BIN\C51.EXE ..\Include\init.c OPTIMIZE(8,SPEED) BROWSE INCDIR(..\Driver;..\Include;..\U
                    -ser) DEBUG OBJECTEXTEND PRINT(.\Listings\init.lst) OBJECT(.\Objects\init.obj)

line level    source

   1          #include "init.h"
   2          
   3          unsigned char xdata UartRecv[20] = {0};
   4          unsigned char index = 0;
   5          extern unsigned int tempbuf;
   6          extern unsigned int Read_Vep;
   7          
   8          void SelectHC138(unsigned char channel)
   9          {
  10   1              P2 &= 0x1F;
  11   1              P2 |= (channel & 0x07) << 5;
  12   1      }
  13          
  14          void Init_BUZZ_LED()
  15          {
  16   1              SelectHC138(4);
  17   1              P0 = 0xFF;
  18   1              SelectHC138(5);
  19   1              P0 = 0x00;
  20   1              SelectHC138(0);
  21   1      }
  22          
  23          void Timer0Init(void)           //1毫秒@12.000MHz
  24          {
  25   1              AUXR |= 0x80;           //定时器时钟1T模式
  26   1              TMOD &= 0xF0;           //设置定时器模式
  27   1              TL0 = 0x20;             //设置定时初始值
  28   1              TH0 = 0xD1;             //设置定时初始值
  29   1              TF0 = 0;                //清除TF0标志
  30   1              TR0 = 1;                //定时器0开始计时
  31   1              ET0 = 1;
  32   1      }
  33          
  34          void UartInit(void)             //9600bps@12.000MHz
  35          {
  36   1              SCON = 0x50;            //8位数据,可变波特率
  37   1              AUXR |= 0x01;           //串口1选择定时器2为波特率发生器
  38   1              AUXR |= 0x04;           //定时器时钟1T模式
  39   1              T2L = 0xC7;             //设置定时初始值
  40   1              T2H = 0xFE;             //设置定时初始值
  41   1              AUXR |= 0x10;           //定时器2开始计时
  42   1              ES = 1;
  43   1      }
  44          
  45          void SendByte(unsigned char dat)
  46          {
  47   1              SBUF = dat;
  48   1              while(TI == 0);
  49   1              TI = 0;
  50   1      }
  51          
  52          void SendString(unsigned char *str)
  53          {
  54   1              while(*str != '\0')
C51 COMPILER V9.60.0.0   INIT                                                              04/05/2023 12:28:34 PAGE 2   

  55   1              {
  56   2                      SendByte(*str++);
  57   2              }
  58   1      }
  59          
  60          void UartHandle() interrupt 4
  61          {
  62   1              if(RI == 1)
  63   1              {
  64   2                      UartRecv[index] = SBUF;
  65   2                      index++;
  66   2                      RI = 0;
  67   2              }
  68   1      }
  69          
  70          void BUZZ_RELAY()
  71          {
  72   1              P0 = 0x00;
  73   1              SelectHC138(5);
  74   1              if(tempbuf >= 280)
  75   1              {
  76   2                      P04 = 1;
  77   2              }
  78   1              else
  79   1              {
  80   2                      P04 = 0;
  81   2              }
  82   1              if(Read_Vep > 360)
  83   1              {
  84   2                      P06 = 1;
  85   2              }
  86   1              else
  87   1              {
  88   2                      P06 = 0;
  89   2              }
  90   1              SelectHC138(0);
  91   1      }


MODULE INFORMATION:   STATIC OVERLAYABLE
   CODE SIZE        =    203    ----
   CONSTANT SIZE    =   ----    ----
   XDATA SIZE       =     20    ----
   PDATA SIZE       =   ----    ----
   DATA SIZE        =      1       3
   IDATA SIZE       =   ----    ----
   BIT SIZE         =   ----    ----
END OF MODULE INFORMATION.


C51 COMPILATION COMPLETE.  0 WARNING(S),  0 ERROR(S)
