C51 COMPILER V9.60.0.0   LED                                                               04/05/2023 12:28:34 PAGE 1   


C51 COMPILER V9.60.0.0, COMPILATION OF MODULE LED
OBJECT MODULE PLACED IN .\Objects\led.obj
COMPILER INVOKED BY: D:\keil\C51\BIN\C51.EXE ..\Driver\led.c OPTIMIZE(8,SPEED) BROWSE INCDIR(..\Driver;..\Include;..\Use
                    -r) DEBUG OBJECTEXTEND PRINT(.\Listings\led.lst) OBJECT(.\Objects\led.obj)

line level    source

   1          #include "led.h"
   2          #include "init.h"
   3          
   4          extern unsigned int tempbuf;
   5          extern unsigned int Read_Vep;
   6          extern bit DisplayMode;
   7          extern bit DisplayMode_Change_Enable;
   8          bit LED3_Flash = 0;
   9          unsigned char code Led_Number[10] = {0xC0,0xF9,0xA4,0xB0,0x99,0x92,0x82,0xF8,0x80,0x90};
  10          unsigned char Led_Buff[8] = {0xFF,0xFF,0xFF,0xFF,0xFF,0xFF,0xFF,0xFF};
  11          
  12          void Display()
  13          {
  14   1              static unsigned char i;
  15   1              
  16   1              SelectHC138(7);
  17   1              P0 = 0xFF;
  18   1              SelectHC138(0);
  19   1              
  20   1              P0 = 0x00;
  21   1              SelectHC138(6);
  22   1              P0 = 0x01 << i;
  23   1              SelectHC138(0);
  24   1              
  25   1              P0 = 0xFF;
  26   1              SelectHC138(7);
  27   1              P0 = Led_Buff[i];
  28   1              SelectHC138(0);
  29   1              
  30   1              i++;
  31   1              i &= 0x07;
  32   1      }
  33          
  34          void DisplayMode0()
  35          {
  36   1              Led_Buff[0] = 0xC1;
  37   1              Led_Buff[1] = Led_Number[1];
  38   1              
  39   1              Led_Buff[5] = Led_Number[tempbuf / 100 % 10];
  40   1              Led_Buff[6] = Led_Number[tempbuf / 10 % 10] & 0x7F;
  41   1              Led_Buff[7] = Led_Number[tempbuf % 10];
  42   1      }
  43          
  44          void DisplayMode1()
  45          {
  46   1              Led_Buff[0] = 0xC1;
  47   1              Led_Buff[1] = Led_Number[2];
  48   1              
  49   1              Led_Buff[5] = Led_Number[Read_Vep / 100 % 10] & 0x7F;
  50   1              Led_Buff[6] = Led_Number[Read_Vep / 10 % 10];
  51   1              Led_Buff[7] = Led_Number[Read_Vep % 10];
  52   1      }
  53          
  54          void Led_Single()
C51 COMPILER V9.60.0.0   LED                                                               04/05/2023 12:28:34 PAGE 2   

  55          {
  56   1              P0 = 0xFF;
  57   1              SelectHC138(4);
  58   1              if(DisplayMode == 0)
  59   1              {
  60   2                      P00 = 0;
  61   2              }
  62   1              else
  63   1              {
  64   2                      P00 = 1;
  65   2              }
  66   1              if(DisplayMode == 1)
  67   1              {
  68   2                      P01 = 0;
  69   2              }
  70   1              else
  71   1              {
  72   2                      P01 = 1;
  73   2              }
  74   1              if(DisplayMode_Change_Enable == 1)
  75   1              {
  76   2                      P02 = LED3_Flash;
  77   2                      LED3_Flash = ~LED3_Flash;
  78   2              }
  79   1              else
  80   1              {
  81   2                      P02 = 1;
  82   2              }
  83   1              SelectHC138(0);
  84   1      }


MODULE INFORMATION:   STATIC OVERLAYABLE
   CODE SIZE        =    316    ----
   CONSTANT SIZE    =     10    ----
   XDATA SIZE       =   ----    ----
   PDATA SIZE       =   ----    ----
   DATA SIZE        =      9    ----
   IDATA SIZE       =   ----    ----
   BIT SIZE         =      1    ----
END OF MODULE INFORMATION.


C51 COMPILATION COMPLETE.  0 WARNING(S),  0 ERROR(S)
