C51 COMPILER V9.60.0.0   MAIN                                                              04/05/2023 12:28:34 PAGE 1   


C51 COMPILER V9.60.0.0, COMPILATION OF MODULE MAIN
OBJECT MODULE PLACED IN .\Objects\main.obj
COMPILER INVOKED BY: D:\keil\C51\BIN\C51.EXE main.c OPTIMIZE(8,SPEED) BROWSE INCDIR(..\Driver;..\Include;..\User) DEBUG 
                    -OBJECTEXTEND PRINT(.\Listings\main.lst) OBJECT(.\Objects\main.obj)

line level    source

   1          #include "main.h"
   2          
   3          bit flag100ms = 0;
   4          bit flag800ms = 0;
   5          bit DisplayMode = 0;
   6          bit DisplayMode_Change_Enable = 0;
   7          unsigned int tempbuf;
   8          unsigned int temp_Read;
   9          unsigned int Read_Vep;
  10          extern unsigned char xdata UartRecv[20];
  11          extern unsigned char index;
  12          unsigned char xdata str[20] = {0};
  13          
  14          void Working();
  15          
  16          void main()
  17          {
  18   1              Timer0Init();
  19   1              Init_BUZZ_LED();
  20   1              InitDS18B20();
  21   1              UartInit();
  22   1              EA = 1;
  23   1              while(1)
  24   1              {
  25   2                      Working();
  26   2              }
  27   1      }
  28          
  29          void Working()
  30          {
  31   1              KeyDriver();
  32   1              if(flag100ms == 1)
  33   1              {
  34   2                      flag100ms = 0;
  35   2                      Read_Vep = AD_Read(0x43);
  36   2                      Read_Vep = Read_Vep * 100 / 51;
  37   2                      Led_Single();
  38   2                      BUZZ_RELAY();
  39   2                      if(DisplayMode == 0)
  40   2                      {
  41   3                              DisplayMode0();
  42   3                      }
  43   2                      else
  44   2                      {
  45   3                              DisplayMode1();
  46   3                      }
  47   2                      if(DisplayMode_Change_Enable == 0)
  48   2                      {
  49   3                              index = 0;
  50   3                              if(UartRecv[0] == 'A')
  51   3                              {
  52   4                                      DisplayMode = 0;
  53   4                              }
  54   3                              else if(UartRecv[0] == 'B')
C51 COMPILER V9.60.0.0   MAIN                                                              04/05/2023 12:28:34 PAGE 2   

  55   3                              {
  56   4                                      DisplayMode = 1;
  57   4                              }
  58   3                      }
  59   2              }
  60   1              if(flag800ms == 1)
  61   1              {
  62   2                      flag800ms = 0;
  63   2                      temp_Read = Read_Temp();
  64   2                      if(temp_Read > 500)
  65   2                      {
  66   3                              tempbuf = tempbuf;
  67   3                      }
  68   2                      else
  69   2                      {
  70   3                              tempbuf = temp_Read;
  71   3                      }
  72   2                      InitDS18B20();
  73   2              }
  74   1      }
  75          
  76          void KeyAction(unsigned char keycode)
  77          {
  78   1              if(keycode == '4')
  79   1              {
  80   2                      DisplayMode_Change_Enable = 0;
  81   2              }
  82   1              else if(keycode == '1')
  83   1              {
  84   2                      DisplayMode_Change_Enable = 1;
  85   2              }
  86   1              else if(keycode == '6')
  87   1              {
  88   2                      if(DisplayMode == 0)
  89   2                      {
  90   3                              sprintf(str,"TEMP:%.1f℃\r\n",(float)tempbuf / 10);
  91   3                              SendString(str);
  92   3                      }
  93   2                      else
  94   2                      {
  95   3                              sprintf(str,"Voltage:%.2fV\r\n",(float)Read_Vep / 100);
  96   3                              SendString(str);
  97   3                      }
  98   2              }
  99   1      }
 100          
 101          void Timer0Handle() interrupt 1
 102          {
 103   1              static unsigned char cnt_100ms = 0;
 104   1              static unsigned int cnt_800ms = 0;
 105   1              
 106   1              Display();
 107   1              KeyScan();
 108   1              
 109   1              cnt_100ms++;
 110   1              if(cnt_100ms >= 100)
 111   1              {
 112   2                      cnt_100ms = 0;
 113   2                      flag100ms = 1;
 114   2              }
 115   1              cnt_800ms++;
 116   1              if(cnt_800ms >= 800)
C51 COMPILER V9.60.0.0   MAIN                                                              04/05/2023 12:28:34 PAGE 3   

 117   1              {
 118   2                      cnt_800ms = 0;
 119   2                      flag800ms = 1;
 120   2              }
 121   1      }


MODULE INFORMATION:   STATIC OVERLAYABLE
   CODE SIZE        =    335    ----
   CONSTANT SIZE    =     31    ----
   XDATA SIZE       =     20    ----
   PDATA SIZE       =   ----    ----
   DATA SIZE        =      9    ----
   IDATA SIZE       =   ----    ----
   BIT SIZE         =      4    ----
END OF MODULE INFORMATION.


C51 COMPILATION COMPLETE.  0 WARNING(S),  0 ERROR(S)
