C51 COMPILER V9.60.0.0   MAIN                                                              04/07/2023 14:41:02 PAGE 1   


C51 COMPILER V9.60.0.0, COMPILATION OF MODULE MAIN
OBJECT MODULE PLACED IN .\Objects\main.obj
COMPILER INVOKED BY: D:\keil\C51\BIN\C51.EXE main.c OPTIMIZE(8,SPEED) BROWSE INCDIR(..\Driver;..\Include;..\User) DEBUG 
                    -OBJECTEXTEND PRINT(.\Listings\main.lst) OBJECT(.\Objects\main.obj)

line level    source

   1          #include "main.h"
   2          
   3          bit flag100ms = 0;
   4          bit flag800ms = 0;
   5          bit DisplayMode = 0;
   6          bit flag3s = 0;
   7          bit Enable = 1;
   8          unsigned int Readtemp;
   9          unsigned char Read_Vep;
  10          unsigned int Display_Vep;
  11          float Vep_Buff;
  12          extern unsigned char xdata Uart_Recv[20];
  13          extern unsigned char index;
  14          unsigned char xdata str[20] = {0};
  15          
  16          void Working();
  17          void Relay();
  18          
  19          void main()
  20          {
  21   1              Init_BUZZ_LED();
  22   1              InitDS18B20();
  23   1              Timer0Init();
  24   1              UartInit();
  25   1              EA = 1;
  26   1              while(1)
  27   1              {
  28   2                      KeyDriver();
  29   2                      Working();
  30   2              }
  31   1      }
  32          
  33          void Working()
  34          {
  35   1              if(flag100ms == 1)
  36   1              {
  37   2                      flag100ms = 0;
  38   2                      Read_Vep = AD_Read(0x43);
  39   2                      Vep_Buff = Read_Vep * 100 / 51;
  40   2                      Vep_Buff = 1000 / 500 * Vep_Buff;
  41   2                      Display_Vep = Vep_Buff;
  42   2                      Led_Single();
  43   2                      if(DisplayMode == 0)
  44   2                      {
  45   3                              DisplayMode0();
  46   3                      }
  47   2                      else
  48   2                      {
  49   3                              DisplayMode1();
  50   3                      }
  51   2                      Relay();
  52   2              }
  53   1              if(flag800ms == 1)
  54   1              {
C51 COMPILER V9.60.0.0   MAIN                                                              04/07/2023 14:41:02 PAGE 2   

  55   2                      flag800ms = 0;
  56   2                      Readtemp = Read_Temp();
  57   2                      InitDS18B20();
  58   2              }
  59   1              if(flag3s == 1)
  60   1              {
  61   2                      flag3s = 0;
  62   2                      SendString("Over!\r\n");
  63   2                      Uart_Recv[0] = 'F';
  64   2                      index = 0;
  65   2              }
  66   1              if(Uart_Recv[0] == '1')
  67   1              {
  68   2                      sprintf(str,"C:%.1f\r\n",(float)Readtemp / 10);
  69   2                      SendString(str);
  70   2                      Uart_Recv[0] = 'F';
  71   2                      index = 0;
  72   2              }
  73   1              else if(Uart_Recv[0] == '2')
  74   1              {
  75   2                      sprintf(str,"D:%.2fppm\r\n",(float)Display_Vep / 100);
  76   2                      SendString(str);
  77   2                      Uart_Recv[0] = 'F';
  78   2                      index = 0;
  79   2              }
  80   1              else if((Uart_Recv[0] != '2') && (Uart_Recv[0] != '1') && (Uart_Recv[0] != 'O'))
  81   1              {
  82   2                      Uart_Recv[0] = 'F';
  83   2                      index = 0;
  84   2              }
  85   1      }
  86          
  87          void KeyAction(unsigned char keycode)
  88          {
  89   1              if(Enable == 0)
  90   1              {
  91   2                      if(keycode == '1')
  92   2                      {
  93   3                              if(DisplayMode == 0)
  94   3                              {
  95   4                                      DisplayMode = 1;
  96   4                              }
  97   3                              else
  98   3                              {
  99   4                                      DisplayMode = 0;
 100   4                              }
 101   3                      }
 102   2                      else if(keycode == '4')
 103   2                      {
 104   3                              Enable = 1;
 105   3                              DisplayModeOFF();
 106   3                              Init_BUZZ_LED();
 107   3                      }
 108   2              }
 109   1              else
 110   1              {
 111   2                      if(keycode == '4')
 112   2                      {
 113   3                              Enable = 0;
 114   3                              Uart_Recv[0] = 'C';
 115   3                              index = 0;
 116   3                              DisplayMode = 0;                
C51 COMPILER V9.60.0.0   MAIN                                                              04/07/2023 14:41:02 PAGE 3   

 117   3                      }
 118   2              }               
 119   1      }
 120          
 121          void Relay()
 122          {
 123   1              P0 = 0x00;
 124   1              SelectHC138(5);
 125   1              if(Display_Vep < 300)
 126   1              {
 127   2                      P04 = 1;
 128   2              }
 129   1              else
 130   1              {
 131   2                      P04 = 0;
 132   2              }
 133   1              SelectHC138(0);
 134   1      }
 135          
 136          void Timer0Handle() interrupt 1
 137          {       
 138   1              static unsigned char cnt_100ms = 0;
 139   1              static unsigned int cnt_800ms = 0;
 140   1              static unsigned int cnt_3s = 0;
 141   1              
 142   1              Display();
 143   1              KeyScan();
 144   1              
 145   1              if(Enable == 0)
 146   1              {
 147   2                      cnt_100ms++;
 148   2                      cnt_800ms++;
 149   2                      if(cnt_100ms >= 100)
 150   2                      {
 151   3                              cnt_100ms = 0;
 152   3                              flag100ms = 1;
 153   3                      }
 154   2                      if(cnt_800ms >= 800)
 155   2                      {
 156   3                              cnt_800ms = 0;
 157   3                              flag800ms = 1;
 158   3                      }
 159   2                      if(strcmp(Uart_Recv,"Open\r\n") == 0)
 160   2                      {
 161   3                              cnt_3s++;
 162   3                      }
 163   2                      else
 164   2                      {
 165   3                              cnt_3s = 0;
 166   3                      }
 167   2                      if(cnt_3s >= 3000)
 168   2                      {
 169   3                              cnt_3s = 0;
 170   3                              flag3s = 1;
 171   3                      }
 172   2              }
 173   1              else
 174   1              {
 175   2                      cnt_100ms = 0;
 176   2                      cnt_800ms = 0;
 177   2                      cnt_3s = 0;
 178   2              }
C51 COMPILER V9.60.0.0   MAIN                                                              04/07/2023 14:41:02 PAGE 4   

 179   1      }


MODULE INFORMATION:   STATIC OVERLAYABLE
   CODE SIZE        =    537    ----
   CONSTANT SIZE    =     36    ----
   XDATA SIZE       =     20    ----
   PDATA SIZE       =   ----    ----
   DATA SIZE        =     14       1
   IDATA SIZE       =   ----    ----
   BIT SIZE         =      5    ----
END OF MODULE INFORMATION.


C51 COMPILATION COMPLETE.  0 WARNING(S),  0 ERROR(S)
