C51 COMPILER V9.60.0.0   UART                                                              04/07/2023 14:41:03 PAGE 1   


C51 COMPILER V9.60.0.0, COMPILATION OF MODULE UART
OBJECT MODULE PLACED IN .\Objects\uart.obj
COMPILER INVOKED BY: D:\keil\C51\BIN\C51.EXE ..\Driver\uart.c OPTIMIZE(8,SPEED) BROWSE INCDIR(..\Driver;..\Include;..\Us
                    -er) DEBUG OBJECTEXTEND PRINT(.\Listings\uart.lst) OBJECT(.\Objects\uart.obj)

line level    source

   1          #include "uart.h"
   2          
   3          unsigned char xdata Uart_Recv[20] = {0};
   4          unsigned char index;
   5          
   6          void UartInit(void)             //9600bps@12.000MHz
   7          {
   8   1              SCON = 0x50;            //8位数据,可变波特率
   9   1              AUXR |= 0x01;           //串口1选择定时器2为波特率发生器
  10   1              AUXR |= 0x04;           //定时器时钟1T模式
  11   1              T2L = 0xC7;             //设置定时初始值
  12   1              T2H = 0xFE;             //设置定时初始值
  13   1              AUXR |= 0x10;           //定时器2开始计时
  14   1              ES = 1;
  15   1      }
  16          
  17          void SendByte(unsigned char dat)
  18          {
  19   1              SBUF = dat;
  20   1              while(TI == 0);
  21   1              TI = 0;
  22   1      }
  23          
  24          void SendString(unsigned char *str)
  25          {
  26   1              while(*str != '\0')
  27   1              {
  28   2                      SendByte(*str++);
  29   2              }
  30   1      }
  31          
  32          void UartHandle() interrupt 4
  33          {
  34   1              if(RI == 1)
  35   1              {
  36   2                      Uart_Recv[index] = SBUF;
  37   2                      index++;
  38   2                      RI = 0;
  39   2              }
  40   1      }


MODULE INFORMATION:   STATIC OVERLAYABLE
   CODE SIZE        =    104    ----
   CONSTANT SIZE    =   ----    ----
   XDATA SIZE       =     20    ----
   PDATA SIZE       =   ----    ----
   DATA SIZE        =      1       3
   IDATA SIZE       =   ----    ----
   BIT SIZE         =   ----    ----
END OF MODULE INFORMATION.


C51 COMPILATION COMPLETE.  0 WARNING(S),  0 ERROR(S)
