C51 COMPILER V9.60.0.0   LED                                                               04/06/2023 19:28:00 PAGE 1   


C51 COMPILER V9.60.0.0, COMPILATION OF MODULE LED
OBJECT MODULE PLACED IN .\Objects\led.obj
COMPILER INVOKED BY: D:\keil\C51\BIN\C51.EXE ..\Driver\led.c OPTIMIZE(8,SPEED) BROWSE INCDIR(..\Driver;..\Include;..\Use
                    -r) DEBUG OBJECTEXTEND PRINT(.\Listings\led.lst) OBJECT(.\Objects\led.obj)

line level    source

   1          #include "led.h"
   2          #include "init.h"
   3          #include "sonic.h"
   4          
   5          extern unsigned int Read_Vep;
   6          extern unsigned char Vep_Max;
   7          extern unsigned char Vep_Min;
   8          extern unsigned int distance;
   9          extern bit Sonic_Mode;
  10          extern unsigned char DisplayMode;
  11          bit LED7_Flash = 0;
  12          unsigned char code Led_Number[10] = {0xC0,0xF9,0xA4,0xB0,0x99,0x92,0x82,0xF8,0x80,0x90};
  13          unsigned char Led_Buff[8] = {0xFF,0xFF,0xFF,0xFF,0xFF,0xFF,0xFF,0xFF};
  14          
  15          void Display()
  16          {
  17   1          static unsigned char i = 0;
  18   1      
  19   1          SelectHC138(7);
  20   1          P0 = 0xFF;
  21   1          SelectHC138(0);
  22   1      
  23   1          P0 = 0x00;
  24   1          SelectHC138(6);
  25   1          P0 = 0x01 << i;
  26   1          SelectHC138(0);
  27   1      
  28   1          P0 = 0xFF;
  29   1          SelectHC138(7);
  30   1          P0 = Led_Buff[i];
  31   1          SelectHC138(0);
  32   1      
  33   1          i++;
  34   1          i &= 0x07;
  35   1      }
  36          
  37          void DisplayMode0()
  38          {
  39   1          Led_Buff[0] = 0xC1;
  40   1              
  41   1              Led_Buff[3] = 0xFF;
  42   1              Led_Buff[4] = 0xFF;
  43   1          Led_Buff[5] = Led_Number[Read_Vep / 100 % 10] & 0x7F;
  44   1          Led_Buff[6] = Led_Number[Read_Vep / 10 % 10];
  45   1          Led_Buff[7] = Led_Number[Read_Vep % 10];
  46   1      }
  47          
  48          void DisplayMode1()
  49          {
  50   1              if(Sonic_Mode == 0)
  51   1              {
  52   2                      Led_Buff[0] = 0xC7;
  53   2                      Led_Buff[3] = 0xFF;
  54   2                      Led_Buff[4] = 0xFF;
C51 COMPILER V9.60.0.0   LED                                                               04/06/2023 19:28:00 PAGE 2   

  55   2                      if((distance >= 100) && (distance <= 999))
  56   2                      {
  57   3                              Led_Buff[5] = Led_Number[distance / 100 % 10];
  58   3                              Led_Buff[6] = Led_Number[distance / 10 % 10];
  59   3                              Led_Buff[7] = Led_Number[distance % 10];
  60   3                      }
  61   2                      else if((distance >= 10) && (distance <= 99))
  62   2                      {
  63   3                              Led_Buff[5] = 0xFF;
  64   3                              Led_Buff[6] = Led_Number[distance / 10 % 10];
  65   3                              Led_Buff[7] = Led_Number[distance % 10];
  66   3                      }
  67   2                      else if((distance >= 0) && (distance <= 9))
  68   2                      {
  69   3                              Led_Buff[5] = 0xFF;
  70   3                              Led_Buff[6] = 0xFF;
  71   3                              Led_Buff[7] = Led_Number[distance % 10];
  72   3                      }
  73   2              }
  74   1              else if(Sonic_Mode == 1)
  75   1              {
  76   2                      Led_Buff[0] = 0xC7;
  77   2                      Led_Buff[3] = 0xFF;
  78   2                      Led_Buff[4] = 0xFF;
  79   2                      Led_Buff[5] = 0x88;
  80   2                      Led_Buff[6] = 0x88;
  81   2                      Led_Buff[7] = 0x88;
  82   2              }
  83   1      }
  84          
  85          void DisplayMode2()
  86          {
  87   1              Led_Buff[0] = 0x8C;
  88   1              
  89   1              Led_Buff[3] = Led_Number[Vep_Max / 10 % 10] & 0x7F;
  90   1          Led_Buff[4] = Led_Number[Vep_Max % 10];
  91   1              Led_Buff[5] = 0xFF;
  92   1              Led_Buff[6] = Led_Number[Vep_Min / 10 % 10] & 0x7F;
  93   1          Led_Buff[7] = Led_Number[Vep_Min % 10];
  94   1      }
  95          
  96          void Led_Single()
  97          {
  98   1              P0 = 0xFF;
  99   1              SelectHC138(4);
 100   1              if(DisplayMode == 0)
 101   1              {
 102   2                      P00 = 0;
 103   2                      P01 = 1;
 104   2                      P02 = 1;
 105   2              }
 106   1              else if(DisplayMode == 1)
 107   1              {
 108   2                      P00 = 1;
 109   2                      P01 = 0;
 110   2                      P02 = 1;
 111   2              }
 112   1              else if(DisplayMode == 2)
 113   1              {
 114   2                      P00 = 1;
 115   2                      P01 = 1;
 116   2                      P02 = 0;
C51 COMPILER V9.60.0.0   LED                                                               04/06/2023 19:28:00 PAGE 3   

 117   2              }
 118   1              if(Sonic_Mode == 0)
 119   1              {
 120   2                      P07 = LED7_Flash;
 121   2                      LED7_Flash = ~LED7_Flash;
 122   2              }
 123   1              else
 124   1              {
 125   2                      P07 = 1;
 126   2              }
 127   1              SelectHC138(0);
 128   1      }


MODULE INFORMATION:   STATIC OVERLAYABLE
   CODE SIZE        =    504    ----
   CONSTANT SIZE    =     10    ----
   XDATA SIZE       =   ----    ----
   PDATA SIZE       =   ----    ----
   DATA SIZE        =      9    ----
   IDATA SIZE       =   ----    ----
   BIT SIZE         =      1    ----
END OF MODULE INFORMATION.


C51 COMPILATION COMPLETE.  0 WARNING(S),  0 ERROR(S)
