C51 COMPILER V9.60.0.0   SONIC                                                             04/06/2023 19:28:00 PAGE 1   


C51 COMPILER V9.60.0.0, COMPILATION OF MODULE SONIC
OBJECT MODULE PLACED IN .\Objects\sonic.obj
COMPILER INVOKED BY: D:\keil\C51\BIN\C51.EXE ..\Driver\sonic.c OPTIMIZE(8,SPEED) BROWSE INCDIR(..\Driver;..\Include;..\U
                    -ser) DEBUG OBJECTEXTEND PRINT(.\Listings\sonic.lst) OBJECT(.\Objects\sonic.obj)

line level    source

   1          #include "sonic.h"
   2          #include "init.h"
   3          #include "intrins.h"
   4          
   5          unsigned int distance;
   6          float time;
   7          
   8          void Delay13us()                //@12.000MHz
   9          {
  10   1              unsigned char i;
  11   1      
  12   1              _nop_();
  13   1              _nop_();
  14   1              i = 36;
  15   1              while (--i);
  16   1      }
  17          
  18          void SendWare()
  19          {
  20   1          unsigned char i;
  21   1          for(i = 0; i < 8; i++)
  22   1          {
  23   2              TX = 1;
  24   2              Delay13us();
  25   2              TX = 0;
  26   2              Delay13us();
  27   2          }
  28   1      }
  29          
  30          void Get_Distance()
  31          {
  32   1          unsigned int t;
  33   1      
  34   1          Timer1Init();
  35   1          SendWare();
  36   1          TR1 = 1;
  37   1          while((TF1 == 0) && (RX == 1));
  38   1          TR1 = 0;
  39   1          if(TF1 == 0)
  40   1          {
  41   2              t = (TH1 << 8) | TL1;
  42   2                      time = t;
  43   2              time = time * 17 / 1000;
  44   2                      distance = time;
  45   2          }
  46   1              else
  47   1              {
  48   2                      TF1 = 0;
  49   2                      distance = 999;
  50   2              }
  51   1      }


MODULE INFORMATION:   STATIC OVERLAYABLE
C51 COMPILER V9.60.0.0   SONIC                                                             04/06/2023 19:28:00 PAGE 2   

   CODE SIZE        =    127    ----
   CONSTANT SIZE    =   ----    ----
   XDATA SIZE       =   ----    ----
   PDATA SIZE       =   ----    ----
   DATA SIZE        =      6    ----
   IDATA SIZE       =   ----    ----
   BIT SIZE         =   ----    ----
END OF MODULE INFORMATION.


C51 COMPILATION COMPLETE.  0 WARNING(S),  0 ERROR(S)
