C51 COMPILER V9.60.0.0   LED                                                               04/05/2023 00:23:40 PAGE 1   


C51 COMPILER V9.60.0.0, COMPILATION OF MODULE LED
OBJECT MODULE PLACED IN .\Objects\led.obj
COMPILER INVOKED BY: D:\keil\C51\BIN\C51.EXE ..\Driver\led.c OPTIMIZE(8,SPEED) BROWSE INCDIR(..\Driver;..\Include;..\Use
                    -r) DEBUG OBJECTEXTEND PRINT(.\Listings\led.lst) OBJECT(.\Objects\led.obj)

line level    source

   1          #include "led.h"
   2          #include "init.h"
   3          
   4          extern unsigned int distance;
   5          extern int distance_Set;
   6          extern bit DisplayMode;
   7          bit LED3_Flash = 0;
   8          unsigned char code Led_Number[10] = {0xc0,0xf9,0xa4,0xb0,0x99,0x92,0x82,0xf8,0x80,0x90};
   9          unsigned char Led_Buff[8] = {0xFF,0xFF,0xFF,0xFF,0xFF,0xFF,0xFF,0xFF};
  10          
  11          void Display()
  12          {
  13   1              static unsigned char i;
  14   1              
  15   1              SelectHC138(7);
  16   1              P0 = 0xFF;
  17   1              SelectHC138(0);
  18   1              
  19   1              P0 = 0x00;
  20   1              SelectHC138(6);
  21   1              P0 = 0x01 << i;
  22   1              SelectHC138(0);
  23   1              
  24   1              P0 = 0xFF;
  25   1              SelectHC138(7);
  26   1              P0 = Led_Buff[i];
  27   1              SelectHC138(0);
  28   1              
  29   1              i++;
  30   1              i &= 0x07;
  31   1      }
  32          
  33          void DisplayMode0()
  34          {
  35   1              Led_Buff[0] = 0xC1;
  36   1              Led_Buff[1] = Led_Number[1];
  37   1              
  38   1              Led_Buff[5] = Led_Number[(distance / 100) % 10];
  39   1              Led_Buff[6] = Led_Number[(distance / 10) % 10];
  40   1              Led_Buff[7] = Led_Number[distance % 10];
  41   1      }
  42          
  43          void DisplayMode1()
  44          {
  45   1              Led_Buff[0] = 0xC1;
  46   1              Led_Buff[1] = Led_Number[2];
  47   1              
  48   1              Led_Buff[5] = Led_Number[distance_Set / 100 % 10];
  49   1              Led_Buff[6] = Led_Number[distance_Set / 10 % 10];
  50   1              Led_Buff[7] = Led_Number[distance_Set % 10];
  51   1      }
  52          
  53          void Led_Single()
  54          {
C51 COMPILER V9.60.0.0   LED                                                               04/05/2023 00:23:40 PAGE 2   

  55   1              P0 = 0xFF;
  56   1              SelectHC138(4);
  57   1              if(DisplayMode == 0)
  58   1              {
  59   2                      P00 = 0;
  60   2              }
  61   1              else
  62   1              {
  63   2                      P00 = 1;
  64   2              }
  65   1              if(DisplayMode == 1)
  66   1              {
  67   2                      P01 = 0;
  68   2              }
  69   1              else
  70   1              {
  71   2                      P01 = 1;
  72   2              }
  73   1              if(distance > distance_Set)
  74   1              {
  75   2                      P02 = LED3_Flash;
  76   2                      LED3_Flash = ~LED3_Flash;
  77   2              }
  78   1              else
  79   1              {
  80   2                      P02 = 1;
  81   2              }
  82   1              SelectHC138(0);
  83   1      }


MODULE INFORMATION:   STATIC OVERLAYABLE
   CODE SIZE        =    320    ----
   CONSTANT SIZE    =     10    ----
   XDATA SIZE       =   ----    ----
   PDATA SIZE       =   ----    ----
   DATA SIZE        =      9    ----
   IDATA SIZE       =   ----    ----
   BIT SIZE         =      1    ----
END OF MODULE INFORMATION.


C51 COMPILATION COMPLETE.  0 WARNING(S),  0 ERROR(S)
