C51 COMPILER V9.60.0.0   MAIN                                                              04/05/2023 00:23:39 PAGE 1   


C51 COMPILER V9.60.0.0, COMPILATION OF MODULE MAIN
OBJECT MODULE PLACED IN .\Objects\main.obj
COMPILER INVOKED BY: D:\keil\C51\BIN\C51.EXE main.c OPTIMIZE(8,SPEED) BROWSE INCDIR(..\Driver;..\Include;..\User) DEBUG 
                    -OBJECTEXTEND PRINT(.\Listings\main.lst) OBJECT(.\Objects\main.obj)

line level    source

   1          #include "main.h"
   2          
   3          bit flag200ms = 0;
   4          bit DisplayMode = 0;
   5          int distance_Set = 30;
   6          extern unsigned int distance;
   7          unsigned char xdata str[20] = {0};
   8          
   9          void Working();
  10          
  11          void main()
  12          {
  13   1              Init_BUZZ_LED();
  14   1              Timer0Init();
  15   1              UartInit();
  16   1              EA = 1;
  17   1              while(1)
  18   1              {
  19   2                      Working();
  20   2              }
  21   1      }
  22          
  23          void Working()
  24          {
  25   1              KeyDriver();
  26   1              if(flag200ms == 1)
  27   1              {
  28   2                      flag200ms = 0;
  29   2                      Get_Distance();
  30   2                      Led_Single();
  31   2                      if(DisplayMode == 0)
  32   2                      {
  33   3                              DisplayMode0();
  34   3                      }
  35   2                      else if(DisplayMode == 1)
  36   2                      {
  37   3                              DisplayMode1();
  38   3                      }
  39   2              }
  40   1      }
  41          
  42          void KeyAction(unsigned char keycode)
  43          {
  44   1              if(DisplayMode == 0)
  45   1              {
  46   2                      if(keycode == '+')
  47   2                      {
  48   3                              DisplayMode = 1;
  49   3                      }
  50   2                      else if(keycode == '0')
  51   2                      {
  52   3                              distance_Set = distance;
  53   3                      }
  54   2              }
C51 COMPILER V9.60.0.0   MAIN                                                              04/05/2023 00:23:39 PAGE 2   

  55   1              else if(DisplayMode == 1)
  56   1              {
  57   2                      if(keycode == '+')
  58   2                      {
  59   3                              DisplayMode = 0;
  60   3                      }
  61   2                      else if(keycode == '-')
  62   2                      {
  63   3                              distance_Set += 10;
  64   3                      }
  65   2                      else if(keycode == 'D')
  66   2                      {
  67   3                              distance_Set -= 10;
  68   3                              if(distance_Set <= 0)
  69   3                              {
  70   4                                      distance_Set = 0;
  71   4                              }
  72   3                      }
  73   2              }
  74   1              if(keycode == '8')
  75   1              {
  76   2                      sprintf(str,"Distance:%dcm\r\n",distance);
  77   2                      SendString(str);
  78   2              }
  79   1      }
  80          
  81          void Timer0Handle() interrupt 1
  82          {
  83   1              static unsigned char cnt_200ms = 0;
  84   1              
  85   1              Display();
  86   1              KeyScan();
  87   1              
  88   1              cnt_200ms++;
  89   1              if(cnt_200ms >= 100)
  90   1              {
  91   2                      cnt_200ms = 0;
  92   2                      flag200ms = 1;
  93   2              }
  94   1      }


MODULE INFORMATION:   STATIC OVERLAYABLE
   CODE SIZE        =    242    ----
   CONSTANT SIZE    =     16    ----
   XDATA SIZE       =     20    ----
   PDATA SIZE       =   ----    ----
   DATA SIZE        =      3    ----
   IDATA SIZE       =   ----    ----
   BIT SIZE         =      2    ----
END OF MODULE INFORMATION.


C51 COMPILATION COMPLETE.  0 WARNING(S),  0 ERROR(S)
