C51 COMPILER V9.60.0.0   SONIC                                                             04/05/2023 00:23:40 PAGE 1   


C51 COMPILER V9.60.0.0, COMPILATION OF MODULE SONIC
OBJECT MODULE PLACED IN .\Objects\sonic.obj
COMPILER INVOKED BY: D:\keil\C51\BIN\C51.EXE ..\Driver\sonic.c OPTIMIZE(8,SPEED) BROWSE INCDIR(..\Driver;..\Include;..\U
                    -ser) DEBUG OBJECTEXTEND PRINT(.\Listings\sonic.lst) OBJECT(.\Objects\sonic.obj)

line level    source

   1          #include "sonic.h"
   2          #include "intrins.h"
   3          #include "init.h"
   4          
   5          unsigned int distance;
   6          
   7          
   8          void Delay13us()                //@12.000MHz
   9          {
  10   1              unsigned char i;
  11   1      
  12   1              _nop_();
  13   1              _nop_();
  14   1              i = 36;
  15   1              while (--i);
  16   1      }
  17          
  18          void SendWave()
  19          {
  20   1              unsigned char i;
  21   1              
  22   1              for(i = 0; i < 8; i++)
  23   1              {
  24   2                      TX = 1;
  25   2                      Delay13us();
  26   2                      TX = 0;
  27   2                      Delay13us();
  28   2              }
  29   1      
  30   1      }
  31          
  32          void Get_Distance()
  33          {
  34   1              unsigned int t;
  35   1              float time;
  36   1              
  37   1              TH1 = 0x00;
  38   1              TL1 = 0x00;
  39   1              SendWave();
  40   1              
  41   1              TR1 = 1;
  42   1              while((TF1 == 0) && (RX == 1));
  43   1              TR1 = 0;
  44   1              
  45   1              if(TF1 == 0)
  46   1              {
  47   2                      t = TH1;
  48   2                      t = (t << 8) | TL1;
  49   2                      time = t;
  50   2                      time = time * 0.017;
  51   2                      distance = time;
  52   2              }
  53   1              else
  54   1              {
C51 COMPILER V9.60.0.0   SONIC                                                             04/05/2023 00:23:40 PAGE 2   

  55   2                      TF1 = 0;
  56   2                      distance = 999;
  57   2              }
  58   1      }


MODULE INFORMATION:   STATIC OVERLAYABLE
   CODE SIZE        =    112    ----
   CONSTANT SIZE    =   ----    ----
   XDATA SIZE       =   ----    ----
   PDATA SIZE       =   ----    ----
   DATA SIZE        =      2       4
   IDATA SIZE       =   ----    ----
   BIT SIZE         =   ----    ----
END OF MODULE INFORMATION.


C51 COMPILATION COMPLETE.  0 WARNING(S),  0 ERROR(S)
