C51 COMPILER V9.60.0.0   INIT                                                              04/05/2023 16:34:40 PAGE 1   


C51 COMPILER V9.60.0.0, COMPILATION OF MODULE INIT
OBJECT MODULE PLACED IN .\Objects\init.obj
COMPILER INVOKED BY: D:\keil\C51\BIN\C51.EXE ..\Include\init.c OPTIMIZE(8,SPEED) BROWSE INCDIR(..\Driver;..\Include;..\U
                    -ser) DEBUG OBJECTEXTEND PRINT(.\Listings\init.lst) OBJECT(.\Objects\init.obj)

line level    source

   1          #include "init.h"
   2          
   3          unsigned char Uart_Recv[20] = {0};
   4          unsigned char Recv_Index = 0;
   5          
   6          void SelectHC138(unsigned char channel)
   7          {
   8   1              P2 &= 0x1F;
   9   1              P2 |= (channel & 0x07) << 5;
  10   1      }
  11          
  12          void Init_BUZZ_LED()
  13          {
  14   1              SelectHC138(4);
  15   1              P0 = 0xFF;
  16   1              SelectHC138(5);
  17   1              P0 = 0x00;
  18   1              SelectHC138(0);
  19   1      }
  20          
  21          void Timer0Init(void)           //1毫秒@12.000MHz
  22          {
  23   1              AUXR |= 0x80;           //定时器时钟1T模式
  24   1              TMOD &= 0xF0;           //设置定时器模式
  25   1              TL0 = 0x20;             //设置定时初始值
  26   1              TH0 = 0xD1;             //设置定时初始值
  27   1              TF0 = 0;                //清除TF0标志
  28   1              TR0 = 1;                //定时器0开始计时
  29   1              ET0 = 1;
  30   1      }
  31          
  32          void UartInit(void)             //9600bps@12.000MHz
  33          {
  34   1              SCON = 0x50;            //8位数据,可变波特率
  35   1              AUXR |= 0x01;           //串口1选择定时器2为波特率发生器
  36   1              AUXR |= 0x04;           //定时器时钟1T模式
  37   1              T2L = 0xC7;             //设置定时初始值
  38   1              T2H = 0xFE;             //设置定时初始值
  39   1              AUXR |= 0x10;           //定时器2开始计时
  40   1              ES = 1;
  41   1      }
  42          
  43          void SendByte(unsigned char dat)
  44          {
  45   1              SBUF = dat;
  46   1              while(TI == 0);
  47   1              TI = 0;
  48   1      }
  49          
  50          void SendString(unsigned char *str)
  51          {
  52   1              while(*str != '\0')
  53   1              {
  54   2                      SendByte(*str++);
C51 COMPILER V9.60.0.0   INIT                                                              04/05/2023 16:34:40 PAGE 2   

  55   2              }
  56   1      }
  57          
  58          void UartHandle() interrupt 4
  59          {
  60   1              if(RI == 1)
  61   1              {
  62   2                      Uart_Recv[Recv_Index] = SBUF;
  63   2                      Recv_Index++;
  64   2                      RI = 0;
  65   2              }
  66   1      }


MODULE INFORMATION:   STATIC OVERLAYABLE
   CODE SIZE        =    148    ----
   CONSTANT SIZE    =   ----    ----
   XDATA SIZE       =   ----    ----
   PDATA SIZE       =   ----    ----
   DATA SIZE        =     21       3
   IDATA SIZE       =   ----    ----
   BIT SIZE         =   ----    ----
END OF MODULE INFORMATION.


C51 COMPILATION COMPLETE.  0 WARNING(S),  0 ERROR(S)
