C51 COMPILER V9.60.0.0   LED                                                               04/05/2023 16:34:39 PAGE 1   


C51 COMPILER V9.60.0.0, COMPILATION OF MODULE LED
OBJECT MODULE PLACED IN .\Objects\led.obj
COMPILER INVOKED BY: D:\keil\C51\BIN\C51.EXE ..\Driver\led.c OPTIMIZE(8,SPEED) BROWSE INCDIR(..\Driver;..\Include;..\Use
                    -r) DEBUG OBJECTEXTEND PRINT(.\Listings\led.lst) OBJECT(.\Objects\led.obj)

line level    source

   1          #include "led.h"
   2          #include "init.h"
   3          
   4          bit LED3_Flash = 0;
   5          extern unsigned int Noise;
   6          extern int Noise_Set;
   7          extern bit DisplayMode;
   8          unsigned char code Led_Number[10] = {0xC0,0xF9,0xA4,0xB0,0x99,0x92,0x82,0xF8,0x80,0x90};
   9          unsigned char Led_Buff[8] = {0xFF,0xFF,0xFF,0xFF,0xFF,0xFF,0xFF,0xFF};
  10          
  11          void Display()
  12          {
  13   1              static unsigned char i;
  14   1              
  15   1              SelectHC138(7);
  16   1              P0 = 0xFF;
  17   1              SelectHC138(0);
  18   1              
  19   1              P0 = 0x00;
  20   1              SelectHC138(6);
  21   1              P0 = 0x01 << i;
  22   1              SelectHC138(0);
  23   1              
  24   1              P0 = 0xFF;
  25   1              SelectHC138(7);
  26   1              P0 = Led_Buff[i];
  27   1              SelectHC138(0);
  28   1              
  29   1              i++;
  30   1              i &= 0x07;
  31   1      }
  32          
  33          void DisplayMode0()
  34          {
  35   1              Led_Buff[0] = 0xC1;
  36   1              Led_Buff[1] = Led_Number[1];
  37   1              
  38   1              if((Noise >= 100) && (Noise <= 900))
  39   1              {
  40   2                      Led_Buff[5] = Led_Number[Noise / 100 % 10];
  41   2                      Led_Buff[6] = Led_Number[Noise / 10 % 10] & 0x7F;
  42   2                      Led_Buff[7] = Led_Number[Noise % 10];
  43   2              }
  44   1              else if((Noise >= 10) && (Noise <= 99))
  45   1              {
  46   2                      Led_Buff[5] = 0xFF;
  47   2                      Led_Buff[6] = Led_Number[Noise / 10 % 10] & 0x7F;
  48   2                      Led_Buff[7] = Led_Number[Noise % 10];
  49   2              }
  50   1      }
  51          
  52          void DisplayMode1()
  53          {
  54   1              Led_Buff[0] = 0xC1;
C51 COMPILER V9.60.0.0   LED                                                               04/05/2023 16:34:39 PAGE 2   

  55   1              Led_Buff[1] = Led_Number[2];
  56   1              Led_Buff[5] = 0xFF;
  57   1              
  58   1              if((Noise_Set >= 10) && (Noise_Set <= 99))
  59   1              {
  60   2                      Led_Buff[6] = Led_Number[Noise_Set / 10 % 10];
  61   2                      Led_Buff[7] = Led_Number[Noise_Set % 10];
  62   2              }
  63   1              else if((Noise_Set >= 0) && (Noise_Set <= 9))
  64   1              {
  65   2                      Led_Buff[6] = 0xFF;
  66   2                      Led_Buff[7] = Led_Number[Noise_Set % 10];
  67   2              }
  68   1      }
  69          
  70          void Led_Single()
  71          {
  72   1              P0 = 0xFF;
  73   1              SelectHC138(4);
  74   1              if(DisplayMode == 0)
  75   1              {
  76   2                      P00 = 0;
  77   2              }
  78   1              else
  79   1              {
  80   2                      P00 = 1;
  81   2              }
  82   1              if(DisplayMode == 1)
  83   1              {
  84   2                      P01 = 0;
  85   2              }
  86   1              else
  87   1              {
  88   2                      P01 = 1;
  89   2              }
  90   1              if(Noise > Noise_Set * 10)
  91   1              {
  92   2                      P02 = LED3_Flash;
  93   2                      LED3_Flash = ~LED3_Flash;
  94   2              }
  95   1              else
  96   1              {
  97   2                      P02 = 1;
  98   2              }
  99   1              SelectHC138(0);
 100   1      }


MODULE INFORMATION:   STATIC OVERLAYABLE
   CODE SIZE        =    404    ----
   CONSTANT SIZE    =     10    ----
   XDATA SIZE       =   ----    ----
   PDATA SIZE       =   ----    ----
   DATA SIZE        =      9    ----
   IDATA SIZE       =   ----    ----
   BIT SIZE         =      1    ----
END OF MODULE INFORMATION.


C51 COMPILATION COMPLETE.  0 WARNING(S),  0 ERROR(S)
