C51 COMPILER V9.60.0.0   MAIN                                                              04/05/2023 16:34:39 PAGE 1   


C51 COMPILER V9.60.0.0, COMPILATION OF MODULE MAIN
OBJECT MODULE PLACED IN .\Objects\main.obj
COMPILER INVOKED BY: D:\keil\C51\BIN\C51.EXE main.c OPTIMIZE(8,SPEED) BROWSE INCDIR(..\Driver;..\Include;..\User) DEBUG 
                    -OBJECTEXTEND PRINT(.\Listings\main.lst) OBJECT(.\Objects\main.obj)

line level    source

   1          #include "main.h"
   2          
   3          bit flag100ms = 0;
   4          bit DisplayMode = 0;
   5          unsigned int Read_Vep;
   6          unsigned int Noise;
   7          int Noise_Set = 65;
   8          float Read_Vep_Buf;
   9          extern unsigned char Uart_Recv[20];
  10          unsigned char xdata str[20];
  11          extern unsigned char Recv_Index;
  12          
  13          void Working();
  14          
  15          void main()
  16          {
  17   1              Init_BUZZ_LED();
  18   1              Timer0Init();
  19   1              UartInit();
  20   1              EA = 1;
  21   1              while(1)
  22   1              {
  23   2                      Working();
  24   2              }
  25   1      }
  26          
  27          void Working()
  28          {
  29   1              KeyDriver();
  30   1              if(flag100ms == 1)
  31   1              {
  32   2                      flag100ms = 0;
  33   2                      Read_Vep = AD_Read(0x43);
  34   2                      Read_Vep_Buf = Read_Vep * 100 / 51;
  35   2                      Read_Vep_Buf = Read_Vep_Buf * 9 / 5;
  36   2                      Noise = Read_Vep_Buf;
  37   2                      Led_Single();
  38   2                      if(DisplayMode == 0)
  39   2                      {
  40   3                              DisplayMode0();
  41   3                      }
  42   2                      else
  43   2                      {
  44   3                              DisplayMode1();
  45   3                      }
  46   2              }
  47   1              if(DisplayMode == 0)
  48   1              {
  49   2                      if(strcmp(Uart_Recv,"Return") == 0)
  50   2                      {
  51   3                              sprintf(str,"Noises:%.1fdB\r\n",Read_Vep_Buf / 10);
  52   3                              SendString(str);
  53   3                              Uart_Recv[0] = '1';
  54   3                              Recv_Index = 0;
C51 COMPILER V9.60.0.0   MAIN                                                              04/05/2023 16:34:39 PAGE 2   

  55   3                      }
  56   2              }
  57   1      }
  58          
  59          void KeyAction(unsigned char keycode)
  60          {
  61   1              if(keycode == '6')
  62   1              {
  63   2                      if(DisplayMode == 0)
  64   2                      {
  65   3                              DisplayMode = 1;
  66   3                      }
  67   2                      else
  68   2                      {
  69   3                              DisplayMode = 0;
  70   3                      }
  71   2              }
  72   1              if(DisplayMode == 1)
  73   1              {
  74   2                      if(keycode == 'B')
  75   2                      {
  76   3                              Noise_Set += 5;
  77   3                              if(Noise_Set >= 90)
  78   3                              {
  79   4                                      Noise_Set = 90;
  80   4                              }
  81   3                      }
  82   2                      else if(keycode == 'A')
  83   2                      {
  84   3                              Noise_Set -= 5;
  85   3                              if(Noise_Set <= 0)
  86   3                              {
  87   4                                      Noise_Set = 0;
  88   4                              }
  89   3                      }
  90   2              }
  91   1      }
  92          
  93          void Timer0Handle() interrupt 1
  94          {
  95   1              static unsigned char cnt_100ms = 0;
  96   1              
  97   1              Display();
  98   1              KeyScan();
  99   1              
 100   1              cnt_100ms++;
 101   1              if(cnt_100ms >= 100)
 102   1              {
 103   2                      cnt_100ms = 0;
 104   2                      flag100ms = 1;
 105   2              }
 106   1      }


MODULE INFORMATION:   STATIC OVERLAYABLE
   CODE SIZE        =    368    ----
   CONSTANT SIZE    =     23    ----
   XDATA SIZE       =     20    ----
   PDATA SIZE       =   ----    ----
   DATA SIZE        =     11    ----
   IDATA SIZE       =   ----    ----
   BIT SIZE         =      2    ----
C51 COMPILER V9.60.0.0   MAIN                                                              04/05/2023 16:34:39 PAGE 3   

END OF MODULE INFORMATION.


C51 COMPILATION COMPLETE.  0 WARNING(S),  0 ERROR(S)
