C51 COMPILER V9.60.0.0   INIT                                                              04/04/2023 22:08:55 PAGE 1   


C51 COMPILER V9.60.0.0, COMPILATION OF MODULE INIT
OBJECT MODULE PLACED IN .\Objects\init.obj
COMPILER INVOKED BY: D:\keil\C51\BIN\C51.EXE ..\Include\init.c OPTIMIZE(8,SPEED) BROWSE INCDIR(..\Driver;..\Include;..\U
                    -ser) DEBUG OBJECTEXTEND PRINT(.\Listings\init.lst) OBJECT(.\Objects\init.obj)

line level    source

   1          #include "init.h"
   2          
   3          void SelectHC138(unsigned char channel)
   4          {
   5   1              P2 &= 0x1F;
   6   1              P2 |= (channel & 0x07) << 5;
   7   1      }
   8          
   9          void Init_LED_BUZZ()
  10          {
  11   1              SelectHC138(4);
  12   1              P0 = 0xFF;
  13   1              SelectHC138(5);
  14   1              P0 = 0x00;
  15   1              SelectHC138(0);
  16   1      }
  17          
  18          void Timer0Init(void)           //1毫秒@12.000MHz
  19          {
  20   1              AUXR |= 0x80;           //定时器时钟1T模式
  21   1              TMOD |= 0x05;           //设置定时器模式
  22   1              TL0 = 0x00;             //设置定时初始值
  23   1              TH0 = 0x00;             //设置定时初始值
  24   1              TF0 = 0;                //清除TF0标志
  25   1              TR0 = 0;                //定时器计时关闭
  26   1              ET0 = 0;
  27   1      }
  28          
  29          
  30          void Timer1Init(void)           //1毫秒@12.000MHz
  31          {
  32   1              AUXR |= 0x40;           //定时器时钟1T模式
  33   1              TMOD &= 0x0F;           //设置定时器模式
  34   1              TL1 = 0x20;             //设置定时初始值
  35   1              TH1 = 0xD1;             //设置定时初始值
  36   1              TF1 = 0;                //清除TF1标志
  37   1              TR1 = 1;                //定时器1开始计时
  38   1              ET1 = 1;
  39   1      }
  40          
  41                  


MODULE INFORMATION:   STATIC OVERLAYABLE
   CODE SIZE        =     70    ----
   CONSTANT SIZE    =   ----    ----
   XDATA SIZE       =   ----    ----
   PDATA SIZE       =   ----    ----
   DATA SIZE        =   ----    ----
   IDATA SIZE       =   ----    ----
   BIT SIZE         =   ----    ----
END OF MODULE INFORMATION.


C51 COMPILATION COMPLETE.  0 WARNING(S),  0 ERROR(S)
