C51 COMPILER V9.60.0.0   LED                                                               04/04/2023 22:08:55 PAGE 1   


C51 COMPILER V9.60.0.0, COMPILATION OF MODULE LED
OBJECT MODULE PLACED IN .\Objects\led.obj
COMPILER INVOKED BY: D:\keil\C51\BIN\C51.EXE ..\Driver\led.c OPTIMIZE(8,SPEED) BROWSE INCDIR(..\Driver;..\Include;..\Use
                    -r) DEBUG OBJECTEXTEND PRINT(.\Listings\led.lst) OBJECT(.\Objects\led.obj)

line level    source

   1          #include "led.h"
   2          #include "init.h"
   3          
   4          unsigned char code Led_Number[10] = {0xC0,0xF9,0xA4,0xB0,0x99,0x92,0x82,0xF8,0x80,0x90};
   5          unsigned char Led_Buff[8] = {0xFF,0xFF,0xFF,0xFF,0xFF,0xFF,0xFF,0xFF};
   6          
   7          extern unsigned int Feaq_Cnt;
   8          extern unsigned int Temp;
   9          extern bit Display_mode;
  10          extern bit DAC_mode;
  11          
  12          void Display()
  13          {
  14   1              static unsigned char i = 0;
  15   1              
  16   1              SelectHC138(6);
  17   1              P0 = 0x00;
  18   1              SelectHC138(7);
  19   1              P0 = 0xFF;
  20   1              
  21   1              SelectHC138(6);
  22   1              P0 = 0x01 << i;
  23   1              SelectHC138(0);
  24   1              
  25   1              P0 = 0xFF;
  26   1              SelectHC138(7);
  27   1              P0 = Led_Buff[i];
  28   1              SelectHC138(0);
  29   1              P0 = 0x00;
  30   1              
  31   1              i++;
  32   1              i &= 0x07;
  33   1      }
  34          
  35          void DisplayMode_1()
  36          {
  37   1              Led_Buff[0] = 0x8E;
  38   1              if(Feaq_Cnt < 100)
  39   1              {
  40   2                      Led_Buff[3] = 0xFF;
  41   2                      Led_Buff[4] = 0xFF;
  42   2                      Led_Buff[5] = 0xFF;
  43   2                      Led_Buff[6] = Led_Number[Feaq_Cnt / 10 % 10];
  44   2                      Led_Buff[7] = Led_Number[Feaq_Cnt % 10];
  45   2              }
  46   1              else if((Feaq_Cnt >= 100)&&(Feaq_Cnt < 1000))
  47   1              {
  48   2                      Led_Buff[3] = 0xFF;
  49   2                      Led_Buff[4] = 0xFF;
  50   2                      Led_Buff[5] = Led_Number[Feaq_Cnt / 100 % 10];
  51   2                      Led_Buff[6] = Led_Number[Feaq_Cnt / 10 % 10];
  52   2                      Led_Buff[7] = Led_Number[Feaq_Cnt % 10];
  53   2              }
  54   1              else if((Feaq_Cnt >= 1000)&&(Feaq_Cnt < 10000))
C51 COMPILER V9.60.0.0   LED                                                               04/04/2023 22:08:55 PAGE 2   

  55   1              {
  56   2                      Led_Buff[3] = 0xFF;
  57   2                      Led_Buff[4] = Led_Number[Feaq_Cnt / 1000 % 10];
  58   2                      Led_Buff[5] = Led_Number[Feaq_Cnt / 100 % 10];
  59   2                      Led_Buff[6] = Led_Number[Feaq_Cnt / 10 % 10];
  60   2                      Led_Buff[7] = Led_Number[Feaq_Cnt % 10];
  61   2              }
  62   1              else if((Feaq_Cnt >= 10000)&&(Feaq_Cnt < 100000))
  63   1              {       
  64   2                      Led_Buff[3] = Led_Number[Feaq_Cnt / 10000 % 10];
  65   2                      Led_Buff[4] = Led_Number[Feaq_Cnt / 1000 % 10];
  66   2                      Led_Buff[5] = Led_Number[Feaq_Cnt / 100 % 10];
  67   2                      Led_Buff[6] = Led_Number[Feaq_Cnt / 10 % 10];
  68   2                      Led_Buff[7] = Led_Number[Feaq_Cnt % 10];
  69   2              }
  70   1      }
  71          
  72          void DisplayMode_2()
  73          {
  74   1              Led_Buff[0] = 0xC1;
  75   1              Led_Buff[3] = 0xFF;
  76   1              Led_Buff[4] = 0xFF;
  77   1              Led_Buff[5] = Led_Number[Temp / 100 % 10] & 0x7F;
  78   1              Led_Buff[6] = Led_Number[Temp / 10 % 10];
  79   1              Led_Buff[7] = Led_Number[Temp % 10];
  80   1      }
  81          
  82          void DisplayMode_OFF()
  83          {
  84   1              Led_Buff[0] = 0xFF;
  85   1              Led_Buff[1] = 0xFF;
  86   1              Led_Buff[2] = 0xFF;
  87   1              Led_Buff[3] = 0xFF;
  88   1              Led_Buff[4] = 0xFF;
  89   1              Led_Buff[5] = 0xFF;
  90   1              Led_Buff[6] = 0xFF;
  91   1              Led_Buff[7] = 0xFF;
  92   1      }
  93          
  94          void Led_Single()
  95          {
  96   1              P0 = 0xFF;
  97   1              if(Display_mode == 0)
  98   1              {
  99   2                      P0 |= 0xE0;
 100   2                      SelectHC138(4);
 101   2                      P00 = 1;
 102   2                      P01 = 0;
 103   2                      SelectHC138(0);
 104   2              }
 105   1              else if(Display_mode == 1)
 106   1              {
 107   2                      P0 |= 0xE0;
 108   2                      SelectHC138(4);
 109   2                      P00 = 0;
 110   2                      P01 = 1;
 111   2                      SelectHC138(0);
 112   2              }
 113   1              if((Temp >= 150) && (Temp < 250))
 114   1              {
 115   2                      P0 |= 0xE0;
 116   2                      SelectHC138(4);
C51 COMPILER V9.60.0.0   LED                                                               04/04/2023 22:08:55 PAGE 3   

 117   2                      P02 = 0;
 118   2                      SelectHC138(0);
 119   2              }
 120   1              else if(Temp >= 350)
 121   1              {
 122   2                      P0 |= 0xE0;
 123   2                      SelectHC138(4);
 124   2                      P02 = 0;
 125   2                      SelectHC138(0);
 126   2              }
 127   1              else
 128   1              {
 129   2                      P0 |= 0xE0;
 130   2                      SelectHC138(4);
 131   2                      P02 = 1;
 132   2                      SelectHC138(0);
 133   2              }
 134   1              if((Feaq_Cnt >= 1000) && (Feaq_Cnt < 5000))
 135   1              {
 136   2                      P0 |= 0xE0;
 137   2                      SelectHC138(4);
 138   2                      P03 = 0;
 139   2                      SelectHC138(0);
 140   2              }
 141   1              if(Feaq_Cnt >= 10000)
 142   1              {
 143   2                      P0 |= 0xE0;
 144   2                      SelectHC138(4);
 145   2                      P03 = 0;
 146   2                      SelectHC138(0);
 147   2              }
 148   1              else
 149   1              {
 150   2                      P0 |= 0xE0;
 151   2                      SelectHC138(4);
 152   2                      P03 = 1;
 153   2                      SelectHC138(0);
 154   2              }
 155   1              if(DAC_mode == 0)
 156   1              {
 157   2                      P0 |= 0xE0;
 158   2                      SelectHC138(4);
 159   2                      P04 = 1;
 160   2                      SelectHC138(0);
 161   2              }
 162   1              else
 163   1              {
 164   2                      P0 |= 0xE0;
 165   2                      SelectHC138(4);
 166   2                      P04 = 0;
 167   2                      SelectHC138(0);
 168   2              }
 169   1      }


MODULE INFORMATION:   STATIC OVERLAYABLE
   CODE SIZE        =    783    ----
   CONSTANT SIZE    =     10    ----
   XDATA SIZE       =   ----    ----
   PDATA SIZE       =   ----    ----
   DATA SIZE        =      9    ----
   IDATA SIZE       =   ----    ----
C51 COMPILER V9.60.0.0   LED                                                               04/04/2023 22:08:55 PAGE 4   

   BIT SIZE         =   ----    ----
END OF MODULE INFORMATION.


C51 COMPILATION COMPLETE.  0 WARNING(S),  0 ERROR(S)
