C51 COMPILER V9.60.0.0   MAIN                                                              04/04/2023 22:08:55 PAGE 1   


C51 COMPILER V9.60.0.0, COMPILATION OF MODULE MAIN
OBJECT MODULE PLACED IN .\Objects\main.obj
COMPILER INVOKED BY: D:\keil\C51\BIN\C51.EXE main.c OPTIMIZE(8,SPEED) BROWSE INCDIR(..\Driver;..\Include;..\User) DEBUG 
                    -OBJECTEXTEND PRINT(.\Listings\main.lst) OBJECT(.\Objects\main.obj)

line level    source

   1          #include "main.h"
   2          
   3          bit Start_T0 = 0;
   4          bit flag1s = 0;
   5          bit flag500ms = 0;
   6          bit Display_mode = 0;
   7          bit DAC_mode = 0;
   8          bit Display_Enable = 0;
   9          unsigned char Set_dat;
  10          unsigned int Feaq_Cnt;
  11          unsigned int Temp;
  12          
  13          void working();
  14          void ReadFreq(unsigned int *dat);
  15          
  16          void main()
  17          {
  18   1              Init_LED_BUZZ();
  19   1              Timer0Init();
  20   1              Timer1Init();
  21   1              EA = 1;
  22   1              while(1)
  23   1              {
  24   2                      working();
  25   2              }
  26   1      }
  27          
  28          void working()
  29          {
  30   1              KeyDriver();
  31   1                      
  32   1              if(Start_T0 == 1)
  33   1              {
  34   2                      Start_T0 = 0;
  35   2                      TR0 = 1;
  36   2              }
  37   1              if(flag1s == 1)
  38   1              {       
  39   2                      flag1s = 0;
  40   2                      ReadFreq(&Feaq_Cnt);
  41   2                      Led_Single();
  42   2                      if(Display_Enable == 0)
  43   2                      {
  44   3                              if(Display_mode == 0)
  45   3                              {                       
  46   4                                      DisplayMode_1();
  47   4                              }
  48   3                      }
  49   2                      else if(Display_Enable == 1)
  50   2                      {
  51   3                              DisplayMode_OFF();
  52   3                      }
  53   2                      if(DAC_mode == 0)
  54   2                      {
C51 COMPILER V9.60.0.0   MAIN                                                              04/04/2023 22:08:55 PAGE 2   

  55   3                              Set_dat = 200 * 51 / 100;
  56   3                              DA_Write(Set_dat);
  57   3                      }
  58   2                      else if(DAC_mode == 1)
  59   2                      {
  60   3                              DA_Write(AD_Read(0x43));
  61   3                      }
  62   2              }
  63   1              
  64   1              if(flag500ms == 1)
  65   1              {
  66   2                      flag500ms = 0;
  67   2                      Temp = (unsigned int)AD_Read(0x43);
  68   2                      Temp = Temp * 100 / 51;
  69   2                      if(Display_Enable == 0)
  70   2                      {
  71   3                              if(Display_mode == 1)
  72   3                              {
  73   4                                      DisplayMode_2();
  74   4                              }
  75   3                      }
  76   2                      else if(Display_Enable == 1)
  77   2                      {
  78   3                              DisplayMode_OFF();
  79   3                      }
  80   2              }
  81   1      }
  82          
  83          void ReadFreq(unsigned int *dat)
  84          {
  85   1              TR0 = 0;
  86   1              *dat = TH0;
  87   1              *dat = (*dat << 8 | TL0) / 2;
  88   1              TH0 = 0;
  89   1              TL0 = 0;
  90   1      }
  91          
  92          void KeyAction(unsigned char keycode)
  93          {
  94   1              if(Display_Enable == 0)
  95   1              {
  96   2                      if(Display_mode == 0)
  97   2                      {
  98   3                              if(keycode == '4')
  99   3                              {
 100   4                                      Display_mode = 1;
 101   4                              }
 102   3                      }
 103   2                      else if(Display_mode == 1)
 104   2                      {
 105   3                              if(keycode == '4')
 106   3                              {
 107   4                                      Display_mode = 0;
 108   4                              }
 109   3                      }
 110   2                      if(keycode == '1')
 111   2                      {
 112   3                              Display_Enable = 1;
 113   3                      }
 114   2              }
 115   1              else if(Display_Enable == 1)
 116   1              {
C51 COMPILER V9.60.0.0   MAIN                                                              04/04/2023 22:08:55 PAGE 3   

 117   2                      if(keycode == '1')
 118   2                      {
 119   3                              Display_Enable = 0;
 120   3                      }
 121   2              }
 122   1              if(DAC_mode == 0)
 123   1              {
 124   2                      if(keycode == '3')
 125   2                      {
 126   3                              DAC_mode = 1;
 127   3                      }
 128   2              }
 129   1              else if(DAC_mode == 1)
 130   1              {
 131   2                      if(keycode == '3')
 132   2                      {
 133   3                              DAC_mode = 0;
 134   3                      }
 135   2              }
 136   1      }
 137          
 138          void Timer1Handle() interrupt 3
 139          {
 140   1              static unsigned int index = 0;
 141   1              static unsigned int cnt = 0;
 142   1              
 143   1              Display();
 144   1              KeyScan();
 145   1              
 146   1              if(index == 0)
 147   1              {
 148   2                      Start_T0 = 1;
 149   2              }
 150   1              index++;
 151   1              if(index >= 1000)
 152   1              {
 153   2                      index = 0;
 154   2                      flag1s = 1;
 155   2              }
 156   1              
 157   1              cnt++;
 158   1              if(cnt >= 500)
 159   1              {
 160   2                      cnt = 0;
 161   2                      flag500ms = 1;
 162   2              }
 163   1      }


MODULE INFORMATION:   STATIC OVERLAYABLE
   CODE SIZE        =    345    ----
   CONSTANT SIZE    =   ----    ----
   XDATA SIZE       =   ----    ----
   PDATA SIZE       =   ----    ----
   DATA SIZE        =      9    ----
   IDATA SIZE       =   ----    ----
   BIT SIZE         =      6    ----
END OF MODULE INFORMATION.


C51 COMPILATION COMPLETE.  0 WARNING(S),  0 ERROR(S)
