C51 COMPILER V9.60.0.0   PCF8591                                                           04/04/2023 22:08:55 PAGE 1   


C51 COMPILER V9.60.0.0, COMPILATION OF MODULE PCF8591
OBJECT MODULE PLACED IN .\Objects\pcf8591.obj
COMPILER INVOKED BY: D:\keil\C51\BIN\C51.EXE ..\Driver\pcf8591.c OPTIMIZE(8,SPEED) BROWSE INCDIR(..\Driver;..\Include;..
                    -\User) DEBUG OBJECTEXTEND PRINT(.\Listings\pcf8591.lst) OBJECT(.\Objects\pcf8591.obj)

line level    source

   1          #include "pcf8591.h"
   2          #include "iic.h"
   3          
   4          unsigned char AD_Read(addr)
   5          {
   6   1              unsigned char temp;
   7   1              
   8   1              I2CStart();
   9   1              I2CSendByte(0x90);
  10   1              I2CWaitAck();
  11   1              I2CSendByte(addr);
  12   1              I2CWaitAck();
  13   1              
  14   1              I2CStart();
  15   1              I2CSendByte(0x91);
  16   1              I2CWaitAck();
  17   1              temp = I2CReceiveByte();
  18   1              I2CSendAck(1);
  19   1              I2CStop();
  20   1              
  21   1              return temp;
  22   1      }
  23          
  24          void DA_Write(unsigned char dat)
  25          {
  26   1              I2CStart();
  27   1              I2CSendByte(0x90);
  28   1              I2CWaitAck();
  29   1              I2CSendByte(0x43);
  30   1              I2CWaitAck();
  31   1              I2CSendByte(dat);
  32   1              I2CWaitAck();
  33   1              I2CStop();
  34   1      }


MODULE INFORMATION:   STATIC OVERLAYABLE
   CODE SIZE        =     82    ----
   CONSTANT SIZE    =   ----    ----
   XDATA SIZE       =   ----    ----
   PDATA SIZE       =   ----    ----
   DATA SIZE        =   ----       4
   IDATA SIZE       =   ----    ----
   BIT SIZE         =   ----    ----
END OF MODULE INFORMATION.


C51 COMPILATION COMPLETE.  0 WARNING(S),  0 ERROR(S)
